TN:
SF:src/App.tsx
FN:6,(anonymous_0)
FN:6,(anonymous_1)
FN:7,(anonymous_2)
FN:7,(anonymous_3)
FN:11,(anonymous_4)
FN:12,(anonymous_5)
FN:13,(anonymous_6)
FN:23,(anonymous_7)
FN:33,App
FN:37,(anonymous_9)
FN:40,(anonymous_10)
FN:44,(anonymous_11)
FN:58,(anonymous_12)
FN:60,(anonymous_13)
FN:72,(anonymous_14)
FN:73,(anonymous_15)
FN:76,(anonymous_16)
FN:77,(anonymous_17)
FN:84,LoadingScreen
FNF:19
FNH:0
FNDA:0,(anonymous_0)
FNDA:0,(anonymous_1)
FNDA:0,(anonymous_2)
FNDA:0,(anonymous_3)
FNDA:0,(anonymous_4)
FNDA:0,(anonymous_5)
FNDA:0,(anonymous_6)
FNDA:0,(anonymous_7)
FNDA:0,App
FNDA:0,(anonymous_9)
FNDA:0,(anonymous_10)
FNDA:0,(anonymous_11)
FNDA:0,(anonymous_12)
FNDA:0,(anonymous_13)
FNDA:0,(anonymous_14)
FNDA:0,(anonymous_15)
FNDA:0,(anonymous_16)
FNDA:0,(anonymous_17)
FNDA:0,LoadingScreen
DA:6,0
DA:7,0
DA:10,0
DA:11,0
DA:12,0
DA:14,0
DA:15,0
DA:23,0
DA:29,0
DA:34,0
DA:35,0
DA:37,0
DA:38,0
DA:42,0
DA:44,0
DA:47,0
DA:48,0
DA:52,0
DA:53,0
DA:60,0
DA:69,0
DA:73,0
DA:74,0
DA:75,0
DA:76,0
DA:85,0
LF:26
LH:0
BRDA:14,0,0,0
BRDA:14,0,1,0
BRDA:47,1,0,0
BRDA:47,1,1,0
BRDA:52,2,0,0
BRDA:52,2,1,0
BRDA:52,3,0,0
BRDA:52,3,1,0
BRDA:52,3,2,0
BRF:9
BRH:0
end_of_record
TN:
SF:src/hooks/useApi.ts
FN:14,useApi
FN:23,(anonymous_1)
FN:44,(anonymous_2)
FNF:3
FNH:3
FNDA:12,useApi
FNDA:7,(anonymous_1)
FNDA:5,(anonymous_2)
DA:18,12
DA:19,12
DA:20,12
DA:21,12
DA:23,12
DA:24,7
DA:25,7
DA:26,7
DA:27,7
DA:28,7
DA:30,5
DA:31,4
DA:34,2
DA:35,2
DA:38,7
DA:39,6
DA:44,12
DA:45,5
DA:48,12
LF:19
LH:19
BRDA:16,0,0,12
BRDA:30,1,0,4
BRDA:30,1,1,1
BRDA:34,2,0,2
BRDA:34,2,1,0
BRDA:35,3,0,1
BRDA:35,3,1,1
BRDA:38,4,0,6
BRDA:38,4,1,1
BRF:9
BRH:8
end_of_record
TN:
SF:src/lib/I18nContext.tsx
FN:12,(anonymous_0)
FN:13,(anonymous_1)
FN:16,I18nProvider
FN:19,(anonymous_3)
FN:24,(anonymous_4)
FN:35,useT
FNF:6
FNH:4
FNDA:0,(anonymous_0)
FNDA:0,(anonymous_1)
FNDA:6,I18nProvider
FNDA:2,(anonymous_3)
FNDA:6,(anonymous_4)
FNDA:6,useT
DA:10,1
DA:13,0
DA:17,6
DA:19,6
DA:20,2
DA:21,2
DA:24,6
DA:25,6
DA:28,6
DA:36,6
LF:10
LH:9
BRF:0
BRH:0
end_of_record
TN:
SF:src/lib/api.ts
FN:47,api
FN:75,(anonymous_1)
FN:76,(anonymous_2)
FN:77,(anonymous_3)
FN:78,(anonymous_4)
FN:79,(anonymous_5)
FN:85,(anonymous_6)
FN:86,(anonymous_7)
FN:87,(anonymous_8)
FN:88,(anonymous_9)
FN:89,(anonymous_10)
FN:90,(anonymous_11)
FN:91,(anonymous_12)
FN:92,(anonymous_13)
FN:93,(anonymous_14)
FN:94,(anonymous_15)
FN:95,(anonymous_16)
FN:96,(anonymous_17)
FN:97,(anonymous_18)
FN:103,(anonymous_19)
FN:104,(anonymous_20)
FN:105,(anonymous_21)
FN:106,(anonymous_22)
FN:107,(anonymous_23)
FN:108,(anonymous_24)
FN:109,(anonymous_25)
FN:112,(anonymous_26)
FN:125,(anonymous_27)
FN:132,(anonymous_28)
FN:188,(anonymous_29)
FN:189,(anonymous_30)
FN:190,(anonymous_31)
FN:191,(anonymous_32)
FN:197,(anonymous_33)
FN:198,(anonymous_34)
FN:199,(anonymous_35)
FN:200,(anonymous_36)
FN:201,(anonymous_37)
FN:202,(anonymous_38)
FN:203,(anonymous_39)
FN:204,(anonymous_40)
FN:206,(anonymous_41)
FN:207,(anonymous_42)
FN:208,(anonymous_43)
FN:214,(anonymous_44)
FN:215,(anonymous_45)
FN:216,(anonymous_46)
FN:217,(anonymous_47)
FN:220,(anonymous_48)
FN:230,(anonymous_49)
FN:237,(anonymous_50)
FN:293,(anonymous_51)
FN:296,(anonymous_52)
FN:299,(anonymous_53)
FN:310,(anonymous_54)
FN:319,(anonymous_55)
FN:334,(anonymous_56)
FN:341,(anonymous_57)
FN:398,(anonymous_58)
FN:399,(anonymous_59)
FN:400,(anonymous_60)
FN:401,(anonymous_61)
FN:402,(anonymous_62)
FN:403,(anonymous_63)
FN:406,(anonymous_64)
FN:417,(anonymous_65)
FN:458,(anonymous_66)
FN:459,(anonymous_67)
FN:460,(anonymous_68)
FN:461,(anonymous_69)
FN:467,(anonymous_70)
FN:468,(anonymous_71)
FNF:72
FNH:7
FNDA:8,api
FNDA:0,(anonymous_1)
FNDA:0,(anonymous_2)
FNDA:0,(anonymous_3)
FNDA:0,(anonymous_4)
FNDA:0,(anonymous_5)
FNDA:0,(anonymous_6)
FNDA:1,(anonymous_7)
FNDA:0,(anonymous_8)
FNDA:0,(anonymous_9)
FNDA:0,(anonymous_10)
FNDA:0,(anonymous_11)
FNDA:1,(anonymous_12)
FNDA:1,(anonymous_13)
FNDA:0,(anonymous_14)
FNDA:0,(anonymous_15)
FNDA:0,(anonymous_16)
FNDA:0,(anonymous_17)
FNDA:0,(anonymous_18)
FNDA:3,(anonymous_19)
FNDA:1,(anonymous_20)
FNDA:0,(anonymous_21)
FNDA:0,(anonymous_22)
FNDA:1,(anonymous_23)
FNDA:0,(anonymous_24)
FNDA:0,(anonymous_25)
FNDA:0,(anonymous_26)
FNDA:0,(anonymous_27)
FNDA:0,(anonymous_28)
FNDA:0,(anonymous_29)
FNDA:0,(anonymous_30)
FNDA:0,(anonymous_31)
FNDA:0,(anonymous_32)
FNDA:0,(anonymous_33)
FNDA:0,(anonymous_34)
FNDA:0,(anonymous_35)
FNDA:0,(anonymous_36)
FNDA:0,(anonymous_37)
FNDA:0,(anonymous_38)
FNDA:0,(anonymous_39)
FNDA:0,(anonymous_40)
FNDA:0,(anonymous_41)
FNDA:0,(anonymous_42)
FNDA:0,(anonymous_43)
FNDA:0,(anonymous_44)
FNDA:0,(anonymous_45)
FNDA:0,(anonymous_46)
FNDA:0,(anonymous_47)
FNDA:0,(anonymous_48)
FNDA:0,(anonymous_49)
FNDA:0,(anonymous_50)
FNDA:0,(anonymous_51)
FNDA:0,(anonymous_52)
FNDA:0,(anonymous_53)
FNDA:0,(anonymous_54)
FNDA:0,(anonymous_55)
FNDA:0,(anonymous_56)
FNDA:0,(anonymous_57)
FNDA:0,(anonymous_58)
FNDA:0,(anonymous_59)
FNDA:0,(anonymous_60)
FNDA:0,(anonymous_61)
FNDA:0,(anonymous_62)
FNDA:0,(anonymous_63)
FNDA:0,(anonymous_64)
FNDA:0,(anonymous_65)
FNDA:0,(anonymous_66)
FNDA:0,(anonymous_67)
FNDA:0,(anonymous_68)
FNDA:0,(anonymous_69)
FNDA:0,(anonymous_70)
FNDA:0,(anonymous_71)
DA:52,8
DA:58,8
DA:59,8
DA:60,1
DA:63,7
DA:65,7
DA:66,2
DA:69,5
DA:74,1
DA:75,0
DA:76,0
DA:77,0
DA:78,0
DA:79,0
DA:84,1
DA:85,0
DA:86,1
DA:87,0
DA:88,0
DA:89,0
DA:90,0
DA:91,1
DA:92,1
DA:93,0
DA:94,0
DA:95,0
DA:96,0
DA:97,0
DA:102,1
DA:103,3
DA:104,1
DA:105,0
DA:106,0
DA:107,1
DA:108,0
DA:109,0
DA:124,0
DA:125,0
DA:127,0
DA:133,0
DA:134,0
DA:136,0
DA:138,0
DA:139,0
DA:140,0
DA:143,0
DA:144,0
DA:145,0
DA:147,0
DA:148,0
DA:149,0
DA:150,0
DA:152,0
DA:153,0
DA:154,0
DA:156,0
DA:157,0
DA:158,0
DA:159,0
DA:160,0
DA:161,0
DA:162,0
DA:163,0
DA:164,0
DA:165,0
DA:166,0
DA:167,0
DA:168,0
DA:169,0
DA:170,0
DA:177,0
DA:178,0
DA:181,0
DA:187,1
DA:188,0
DA:189,0
DA:190,0
DA:191,0
DA:196,1
DA:197,0
DA:198,0
DA:199,0
DA:200,0
DA:201,0
DA:202,0
DA:203,0
DA:204,0
DA:206,0
DA:207,0
DA:208,0
DA:213,1
DA:214,0
DA:215,0
DA:216,0
DA:217,0
DA:229,0
DA:230,0
DA:232,0
DA:238,0
DA:239,0
DA:241,0
DA:244,0
DA:246,0
DA:247,0
DA:248,0
DA:251,0
DA:252,0
DA:253,0
DA:255,0
DA:256,0
DA:257,0
DA:258,0
DA:260,0
DA:262,0
DA:263,0
DA:265,0
DA:266,0
DA:267,0
DA:268,0
DA:269,0
DA:270,0
DA:271,0
DA:272,0
DA:273,0
DA:274,0
DA:275,0
DA:276,0
DA:277,0
DA:278,0
DA:285,0
DA:286,0
DA:289,0
DA:293,0
DA:296,0
DA:307,0
DA:316,0
DA:333,0
DA:334,0
DA:336,0
DA:342,0
DA:343,0
DA:345,0
DA:347,0
DA:348,0
DA:349,0
DA:352,0
DA:353,0
DA:354,0
DA:356,0
DA:357,0
DA:358,0
DA:359,0
DA:361,0
DA:362,0
DA:363,0
DA:365,0
DA:366,0
DA:367,0
DA:368,0
DA:369,0
DA:370,0
DA:371,0
DA:372,0
DA:373,0
DA:374,0
DA:375,0
DA:376,0
DA:377,0
DA:378,0
DA:379,0
DA:380,0
DA:387,0
DA:388,0
DA:391,0
DA:397,1
DA:398,0
DA:399,0
DA:400,0
DA:401,0
DA:402,0
DA:403,0
DA:414,0
DA:418,0
DA:419,0
DA:421,0
DA:422,0
DA:424,0
DA:425,0
DA:426,0
DA:428,0
DA:429,0
DA:430,0
DA:431,0
DA:432,0
DA:433,0
DA:434,0
DA:436,0
DA:437,0
DA:438,0
DA:439,0
DA:440,0
DA:441,0
DA:442,0
DA:443,0
DA:444,0
DA:445,0
DA:446,0
DA:447,0
DA:453,0
DA:454,0
DA:458,0
DA:459,0
DA:460,0
DA:461,0
DA:466,1
DA:467,0
DA:468,0
LF:217
LH:22
BRDA:54,0,0,2
BRDA:54,0,1,6
BRDA:55,1,0,2
BRDA:55,1,1,6
BRDA:58,2,0,8
BRDA:58,2,1,0
BRDA:59,3,0,1
BRDA:59,3,1,7
BRDA:65,4,0,2
BRDA:65,4,1,5
BRDA:66,5,0,2
BRDA:66,5,1,1
BRDA:125,6,0,0
BRDA:125,6,1,0
BRDA:133,7,0,0
BRDA:133,7,1,0
BRDA:136,8,0,0
BRDA:136,8,1,0
BRDA:138,9,0,0
BRDA:138,9,1,0
BRDA:138,10,0,0
BRDA:138,10,1,0
BRDA:150,11,0,0
BRDA:150,11,1,0
BRDA:154,12,0,0
BRDA:154,12,1,0
BRDA:158,13,0,0
BRDA:158,13,1,0
BRDA:160,14,0,0
BRDA:160,14,1,0
BRDA:164,15,0,0
BRDA:164,15,1,0
BRDA:164,15,2,0
BRDA:164,15,3,0
BRDA:164,15,4,0
BRDA:164,15,5,0
BRDA:168,16,0,0
BRDA:168,16,1,0
BRDA:170,17,0,0
BRDA:170,17,1,0
BRDA:177,18,0,0
BRDA:177,18,1,0
BRDA:177,19,0,0
BRDA:177,19,1,0
BRDA:198,20,0,0
BRDA:198,20,1,0
BRDA:230,21,0,0
BRDA:230,21,1,0
BRDA:234,22,0,0
BRDA:234,22,1,0
BRDA:235,23,0,0
BRDA:235,23,1,0
BRDA:238,24,0,0
BRDA:238,24,1,0
BRDA:241,25,0,0
BRDA:241,25,1,0
BRDA:244,26,0,0
BRDA:244,26,1,0
BRDA:246,27,0,0
BRDA:246,27,1,0
BRDA:246,28,0,0
BRDA:246,28,1,0
BRDA:258,29,0,0
BRDA:258,29,1,0
BRDA:263,30,0,0
BRDA:263,30,1,0
BRDA:267,31,0,0
BRDA:267,31,1,0
BRDA:269,32,0,0
BRDA:269,32,1,0
BRDA:273,33,0,0
BRDA:273,33,1,0
BRDA:273,34,0,0
BRDA:273,34,1,0
BRDA:275,35,0,0
BRDA:275,35,1,0
BRDA:277,36,0,0
BRDA:277,36,1,0
BRDA:278,37,0,0
BRDA:278,37,1,0
BRDA:285,38,0,0
BRDA:285,38,1,0
BRDA:285,39,0,0
BRDA:285,39,1,0
BRDA:334,40,0,0
BRDA:334,40,1,0
BRDA:342,41,0,0
BRDA:342,41,1,0
BRDA:345,42,0,0
BRDA:345,42,1,0
BRDA:347,43,0,0
BRDA:347,43,1,0
BRDA:347,44,0,0
BRDA:347,44,1,0
BRDA:359,45,0,0
BRDA:359,45,1,0
BRDA:363,46,0,0
BRDA:363,46,1,0
BRDA:367,47,0,0
BRDA:367,47,1,0
BRDA:369,48,0,0
BRDA:369,48,1,0
BRDA:373,49,0,0
BRDA:373,49,1,0
BRDA:373,49,2,0
BRDA:373,49,3,0
BRDA:373,49,4,0
BRDA:373,49,5,0
BRDA:373,49,6,0
BRDA:380,50,0,0
BRDA:380,50,1,0
BRDA:387,51,0,0
BRDA:387,51,1,0
BRDA:387,52,0,0
BRDA:387,52,1,0
BRDA:418,53,0,0
BRDA:418,53,1,0
BRDA:421,54,0,0
BRDA:421,54,1,0
BRDA:422,55,0,0
BRDA:422,55,1,0
BRDA:422,56,0,0
BRDA:422,56,1,0
BRDA:431,57,0,0
BRDA:431,57,1,0
BRDA:434,58,0,0
BRDA:434,58,1,0
BRDA:438,59,0,0
BRDA:438,59,1,0
BRDA:440,60,0,0
BRDA:440,60,1,0
BRDA:444,61,0,0
BRDA:444,61,1,0
BRDA:444,62,0,0
BRDA:444,62,1,0
BRDA:445,63,0,0
BRDA:445,63,1,0
BRDA:446,64,0,0
BRDA:446,64,1,0
BRDA:447,65,0,0
BRDA:447,65,1,0
BRDA:453,66,0,0
BRDA:453,66,1,0
BRDA:453,67,0,0
BRDA:453,67,1,0
BRF:145
BRH:11
end_of_record
TN:
SF:src/lib/constants.ts
FN:23,(anonymous_0)
FNF:1
FNH:1
FNDA:12,(anonymous_0)
DA:5,2
DA:14,2
DA:21,2
DA:23,2
DA:24,12
LF:5
LH:5
BRDA:24,0,0,12
BRDA:24,0,1,3
BRDA:24,1,0,12
BRDA:24,1,1,2
BRF:4
BRH:4
end_of_record
TN:
SF:src/lib/i18n.ts
FN:14,getUILocale
FN:20,setUILocale
FN:950,t
FNF:3
FNH:3
FNDA:8,getUILocale
FNDA:4,setUILocale
FNDA:107,t
DA:6,3
DA:12,3
DA:15,8
DA:16,8
DA:17,5
DA:21,4
DA:28,3
DA:335,3
DA:641,3
DA:947,3
DA:951,107
DA:952,107
DA:953,107
DA:954,4
DA:956,107
LF:15
LH:15
BRDA:16,0,0,3
BRDA:16,0,1,5
BRDA:16,1,0,8
BRDA:16,1,1,4
BRDA:951,2,0,107
BRDA:951,2,1,1
BRDA:952,3,0,107
BRDA:952,3,1,1
BRDA:952,3,2,1
BRF:9
BRH:9
end_of_record
TN:
SF:src/pages/Dashboard.tsx
FN:26,(anonymous_0)
FN:26,(anonymous_1)
FN:28,(anonymous_2)
FN:31,(anonymous_3)
FN:33,(anonymous_4)
FN:62,(anonymous_5)
FN:66,Dashboard
FN:102,(anonymous_7)
FN:120,(anonymous_8)
FN:121,(anonymous_9)
FN:122,(anonymous_10)
FN:123,(anonymous_11)
FN:124,(anonymous_12)
FN:125,(anonymous_13)
FN:126,(anonymous_14)
FN:127,(anonymous_15)
FN:128,(anonymous_16)
FN:129,(anonymous_17)
FN:139,(anonymous_18)
FN:142,(anonymous_19)
FN:144,(anonymous_20)
FN:144,(anonymous_21)
FN:149,(anonymous_22)
FN:150,(anonymous_23)
FN:158,(anonymous_24)
FN:159,(anonymous_25)
FN:160,(anonymous_26)
FN:165,(anonymous_27)
FN:166,(anonymous_28)
FN:174,(anonymous_29)
FN:183,(anonymous_30)
FN:185,(anonymous_31)
FN:188,(anonymous_32)
FN:192,(anonymous_33)
FN:192,(anonymous_34)
FN:198,(anonymous_35)
FN:202,(anonymous_36)
FN:206,(anonymous_37)
FN:211,(anonymous_38)
FN:223,(anonymous_39)
FN:224,(anonymous_40)
FN:231,(anonymous_41)
FN:232,(anonymous_42)
FN:237,(anonymous_43)
FN:238,(anonymous_44)
FN:239,(anonymous_45)
FN:240,(anonymous_46)
FN:246,(anonymous_47)
FN:248,(anonymous_48)
FN:256,(anonymous_49)
FN:263,(anonymous_50)
FN:273,(anonymous_51)
FN:300,(anonymous_52)
FN:301,(anonymous_53)
FN:323,(anonymous_54)
FN:324,(anonymous_55)
FN:325,(anonymous_56)
FN:330,(anonymous_57)
FN:333,(anonymous_58)
FN:354,(anonymous_59)
FN:369,(anonymous_60)
FN:374,(anonymous_61)
FN:382,(anonymous_62)
FN:385,(anonymous_63)
FN:389,(anonymous_64)
FN:416,(anonymous_65)
FN:426,(anonymous_66)
FN:434,(anonymous_67)
FN:435,(anonymous_68)
FN:440,(anonymous_69)
FN:442,(anonymous_70)
FN:443,(anonymous_71)
FN:450,(anonymous_72)
FN:460,(anonymous_73)
FN:469,(anonymous_74)
FN:480,(anonymous_75)
FN:482,(anonymous_76)
FN:482,(anonymous_77)
FN:494,(anonymous_78)
FN:501,(anonymous_79)
FN:523,(anonymous_80)
FN:546,(anonymous_81)
FN:546,(anonymous_82)
FN:548,(anonymous_83)
FN:557,(anonymous_84)
FN:598,(anonymous_85)
FN:610,(anonymous_86)
FN:634,(anonymous_87)
FN:648,(anonymous_88)
FN:648,(anonymous_89)
FN:656,(anonymous_90)
FN:681,(anonymous_91)
FN:685,(anonymous_92)
FN:696,(anonymous_93)
FN:697,(anonymous_94)
FN:698,(anonymous_95)
FN:703,(anonymous_96)
FN:724,(anonymous_97)
FN:725,(anonymous_98)
FN:728,(anonymous_99)
FN:728,(anonymous_100)
FN:729,(anonymous_101)
FN:730,(anonymous_102)
FN:735,(anonymous_103)
FN:744,(anonymous_104)
FN:753,(anonymous_105)
FN:758,(anonymous_106)
FN:758,(anonymous_107)
FN:759,(anonymous_108)
FN:760,(anonymous_109)
FN:762,(anonymous_110)
FN:765,(anonymous_111)
FN:770,(anonymous_112)
FN:779,(anonymous_113)
FN:787,(anonymous_114)
FN:788,(anonymous_115)
FN:791,(anonymous_116)
FN:791,(anonymous_117)
FN:792,(anonymous_118)
FN:793,(anonymous_119)
FN:798,(anonymous_120)
FN:809,(anonymous_121)
FN:810,(anonymous_122)
FN:813,(anonymous_123)
FN:813,(anonymous_124)
FN:814,(anonymous_125)
FN:815,(anonymous_126)
FN:820,(anonymous_127)
FN:826,(anonymous_128)
FN:827,(anonymous_129)
FN:833,(anonymous_130)
FN:834,(anonymous_131)
FN:839,(anonymous_132)
FN:840,(anonymous_133)
FN:845,(anonymous_134)
FN:846,(anonymous_135)
FN:855,(anonymous_136)
FN:856,(anonymous_137)
FN:860,(anonymous_138)
FN:865,(anonymous_139)
FN:866,(anonymous_140)
FN:869,(anonymous_141)
FN:875,(anonymous_142)
FN:876,(anonymous_143)
FN:878,(anonymous_144)
FN:884,(anonymous_145)
FN:886,(anonymous_146)
FN:888,(anonymous_147)
FN:903,(anonymous_148)
FN:911,(anonymous_149)
FN:919,(anonymous_150)
FN:919,(anonymous_151)
FN:925,(anonymous_152)
FN:925,(anonymous_153)
FN:929,(anonymous_154)
FN:935,(anonymous_155)
FN:960,(anonymous_156)
FN:960,(anonymous_157)
FN:968,(anonymous_158)
FN:968,(anonymous_159)
FN:974,(anonymous_160)
FN:974,(anonymous_161)
FN:978,(anonymous_162)
FN:984,(anonymous_163)
FN:1023,(anonymous_164)
FN:1027,(anonymous_165)
FN:1033,(anonymous_166)
FN:1035,(anonymous_167)
FN:1035,(anonymous_168)
FN:1042,(anonymous_169)
FN:1043,(anonymous_170)
FN:1058,(anonymous_171)
FN:1067,(anonymous_172)
FN:1115,(anonymous_173)
FN:1120,(anonymous_174)
FN:1132,(anonymous_175)
FN:1134,(anonymous_176)
FN:1158,(anonymous_177)
FN:1159,(anonymous_178)
FN:1170,(anonymous_179)
FN:1191,(anonymous_180)
FN:1219,(anonymous_181)
FN:1262,(anonymous_182)
FN:1266,(anonymous_183)
FN:1297,(anonymous_184)
FN:1299,(anonymous_185)
FN:1301,(anonymous_186)
FN:1316,(anonymous_187)
FN:1338,(anonymous_188)
FN:1341,(anonymous_189)
FN:1353,(anonymous_190)
FN:1355,(anonymous_191)
FN:1356,(anonymous_192)
FN:1357,(anonymous_193)
FN:1371,(anonymous_194)
FN:1372,(anonymous_195)
FN:1381,(anonymous_196)
FN:1390,(anonymous_197)
FN:1396,(anonymous_198)
FN:1416,(anonymous_199)
FN:1419,(anonymous_200)
FN:1441,(anonymous_201)
FN:1454,(anonymous_202)
FN:1456,(anonymous_203)
FN:1458,(anonymous_204)
FN:1474,(anonymous_205)
FN:1483,(anonymous_206)
FN:1540,(anonymous_207)
FN:1557,(anonymous_208)
FN:1567,(anonymous_209)
FN:1587,(anonymous_210)
FN:1597,(anonymous_211)
FN:1616,(anonymous_212)
FN:1616,(anonymous_213)
FN:1618,(anonymous_214)
FN:1623,(anonymous_215)
FN:1624,(anonymous_216)
FN:1625,(anonymous_217)
FN:1634,(anonymous_218)
FN:1692,(anonymous_219)
FN:1708,(anonymous_220)
FN:1720,(anonymous_221)
FN:1735,(anonymous_222)
FN:1750,(anonymous_223)
FN:1773,(anonymous_224)
FN:1774,(anonymous_225)
FN:1787,(anonymous_226)
FN:1810,(anonymous_227)
FN:1822,(anonymous_228)
FN:1838,(anonymous_229)
FN:1838,(anonymous_230)
FN:1846,(anonymous_231)
FN:1879,(anonymous_232)
FN:1879,(anonymous_233)
FN:1886,(anonymous_234)
FN:1886,(anonymous_235)
FN:1890,(anonymous_236)
FN:1898,(anonymous_237)
FN:1914,(anonymous_238)
FN:1921,(anonymous_239)
FN:1923,(anonymous_240)
FN:1949,(anonymous_241)
FN:1951,(anonymous_242)
FN:1956,(anonymous_243)
FN:1960,(anonymous_244)
FN:1970,(anonymous_245)
FN:1990,(anonymous_246)
FN:1994,(anonymous_247)
FN:2044,(anonymous_248)
FN:2056,(anonymous_249)
FN:2072,(anonymous_250)
FN:2076,(anonymous_251)
FN:2135,(anonymous_252)
FN:2142,(anonymous_253)
FN:2155,(anonymous_254)
FN:2178,(anonymous_255)
FN:2203,(anonymous_256)
FN:2208,(anonymous_257)
FN:2209,(anonymous_258)
FN:2210,(anonymous_259)
FN:2211,(anonymous_260)
FN:2212,(anonymous_261)
FN:2213,(anonymous_262)
FN:2214,(anonymous_263)
FN:2215,(anonymous_264)
FN:2221,(anonymous_265)
FN:2222,(anonymous_266)
FN:2223,(anonymous_267)
FN:2224,(anonymous_268)
FN:2225,(anonymous_269)
FN:2226,(anonymous_270)
FN:2227,(anonymous_271)
FN:2228,(anonymous_272)
FN:2246,(anonymous_273)
FN:2256,(anonymous_274)
FN:2257,(anonymous_275)
FNF:276
FNH:0
FNDA:0,(anonymous_0)
FNDA:0,(anonymous_1)
FNDA:0,(anonymous_2)
FNDA:0,(anonymous_3)
FNDA:0,(anonymous_4)
FNDA:0,(anonymous_5)
FNDA:0,Dashboard
FNDA:0,(anonymous_7)
FNDA:0,(anonymous_8)
FNDA:0,(anonymous_9)
FNDA:0,(anonymous_10)
FNDA:0,(anonymous_11)
FNDA:0,(anonymous_12)
FNDA:0,(anonymous_13)
FNDA:0,(anonymous_14)
FNDA:0,(anonymous_15)
FNDA:0,(anonymous_16)
FNDA:0,(anonymous_17)
FNDA:0,(anonymous_18)
FNDA:0,(anonymous_19)
FNDA:0,(anonymous_20)
FNDA:0,(anonymous_21)
FNDA:0,(anonymous_22)
FNDA:0,(anonymous_23)
FNDA:0,(anonymous_24)
FNDA:0,(anonymous_25)
FNDA:0,(anonymous_26)
FNDA:0,(anonymous_27)
FNDA:0,(anonymous_28)
FNDA:0,(anonymous_29)
FNDA:0,(anonymous_30)
FNDA:0,(anonymous_31)
FNDA:0,(anonymous_32)
FNDA:0,(anonymous_33)
FNDA:0,(anonymous_34)
FNDA:0,(anonymous_35)
FNDA:0,(anonymous_36)
FNDA:0,(anonymous_37)
FNDA:0,(anonymous_38)
FNDA:0,(anonymous_39)
FNDA:0,(anonymous_40)
FNDA:0,(anonymous_41)
FNDA:0,(anonymous_42)
FNDA:0,(anonymous_43)
FNDA:0,(anonymous_44)
FNDA:0,(anonymous_45)
FNDA:0,(anonymous_46)
FNDA:0,(anonymous_47)
FNDA:0,(anonymous_48)
FNDA:0,(anonymous_49)
FNDA:0,(anonymous_50)
FNDA:0,(anonymous_51)
FNDA:0,(anonymous_52)
FNDA:0,(anonymous_53)
FNDA:0,(anonymous_54)
FNDA:0,(anonymous_55)
FNDA:0,(anonymous_56)
FNDA:0,(anonymous_57)
FNDA:0,(anonymous_58)
FNDA:0,(anonymous_59)
FNDA:0,(anonymous_60)
FNDA:0,(anonymous_61)
FNDA:0,(anonymous_62)
FNDA:0,(anonymous_63)
FNDA:0,(anonymous_64)
FNDA:0,(anonymous_65)
FNDA:0,(anonymous_66)
FNDA:0,(anonymous_67)
FNDA:0,(anonymous_68)
FNDA:0,(anonymous_69)
FNDA:0,(anonymous_70)
FNDA:0,(anonymous_71)
FNDA:0,(anonymous_72)
FNDA:0,(anonymous_73)
FNDA:0,(anonymous_74)
FNDA:0,(anonymous_75)
FNDA:0,(anonymous_76)
FNDA:0,(anonymous_77)
FNDA:0,(anonymous_78)
FNDA:0,(anonymous_79)
FNDA:0,(anonymous_80)
FNDA:0,(anonymous_81)
FNDA:0,(anonymous_82)
FNDA:0,(anonymous_83)
FNDA:0,(anonymous_84)
FNDA:0,(anonymous_85)
FNDA:0,(anonymous_86)
FNDA:0,(anonymous_87)
FNDA:0,(anonymous_88)
FNDA:0,(anonymous_89)
FNDA:0,(anonymous_90)
FNDA:0,(anonymous_91)
FNDA:0,(anonymous_92)
FNDA:0,(anonymous_93)
FNDA:0,(anonymous_94)
FNDA:0,(anonymous_95)
FNDA:0,(anonymous_96)
FNDA:0,(anonymous_97)
FNDA:0,(anonymous_98)
FNDA:0,(anonymous_99)
FNDA:0,(anonymous_100)
FNDA:0,(anonymous_101)
FNDA:0,(anonymous_102)
FNDA:0,(anonymous_103)
FNDA:0,(anonymous_104)
FNDA:0,(anonymous_105)
FNDA:0,(anonymous_106)
FNDA:0,(anonymous_107)
FNDA:0,(anonymous_108)
FNDA:0,(anonymous_109)
FNDA:0,(anonymous_110)
FNDA:0,(anonymous_111)
FNDA:0,(anonymous_112)
FNDA:0,(anonymous_113)
FNDA:0,(anonymous_114)
FNDA:0,(anonymous_115)
FNDA:0,(anonymous_116)
FNDA:0,(anonymous_117)
FNDA:0,(anonymous_118)
FNDA:0,(anonymous_119)
FNDA:0,(anonymous_120)
FNDA:0,(anonymous_121)
FNDA:0,(anonymous_122)
FNDA:0,(anonymous_123)
FNDA:0,(anonymous_124)
FNDA:0,(anonymous_125)
FNDA:0,(anonymous_126)
FNDA:0,(anonymous_127)
FNDA:0,(anonymous_128)
FNDA:0,(anonymous_129)
FNDA:0,(anonymous_130)
FNDA:0,(anonymous_131)
FNDA:0,(anonymous_132)
FNDA:0,(anonymous_133)
FNDA:0,(anonymous_134)
FNDA:0,(anonymous_135)
FNDA:0,(anonymous_136)
FNDA:0,(anonymous_137)
FNDA:0,(anonymous_138)
FNDA:0,(anonymous_139)
FNDA:0,(anonymous_140)
FNDA:0,(anonymous_141)
FNDA:0,(anonymous_142)
FNDA:0,(anonymous_143)
FNDA:0,(anonymous_144)
FNDA:0,(anonymous_145)
FNDA:0,(anonymous_146)
FNDA:0,(anonymous_147)
FNDA:0,(anonymous_148)
FNDA:0,(anonymous_149)
FNDA:0,(anonymous_150)
FNDA:0,(anonymous_151)
FNDA:0,(anonymous_152)
FNDA:0,(anonymous_153)
FNDA:0,(anonymous_154)
FNDA:0,(anonymous_155)
FNDA:0,(anonymous_156)
FNDA:0,(anonymous_157)
FNDA:0,(anonymous_158)
FNDA:0,(anonymous_159)
FNDA:0,(anonymous_160)
FNDA:0,(anonymous_161)
FNDA:0,(anonymous_162)
FNDA:0,(anonymous_163)
FNDA:0,(anonymous_164)
FNDA:0,(anonymous_165)
FNDA:0,(anonymous_166)
FNDA:0,(anonymous_167)
FNDA:0,(anonymous_168)
FNDA:0,(anonymous_169)
FNDA:0,(anonymous_170)
FNDA:0,(anonymous_171)
FNDA:0,(anonymous_172)
FNDA:0,(anonymous_173)
FNDA:0,(anonymous_174)
FNDA:0,(anonymous_175)
FNDA:0,(anonymous_176)
FNDA:0,(anonymous_177)
FNDA:0,(anonymous_178)
FNDA:0,(anonymous_179)
FNDA:0,(anonymous_180)
FNDA:0,(anonymous_181)
FNDA:0,(anonymous_182)
FNDA:0,(anonymous_183)
FNDA:0,(anonymous_184)
FNDA:0,(anonymous_185)
FNDA:0,(anonymous_186)
FNDA:0,(anonymous_187)
FNDA:0,(anonymous_188)
FNDA:0,(anonymous_189)
FNDA:0,(anonymous_190)
FNDA:0,(anonymous_191)
FNDA:0,(anonymous_192)
FNDA:0,(anonymous_193)
FNDA:0,(anonymous_194)
FNDA:0,(anonymous_195)
FNDA:0,(anonymous_196)
FNDA:0,(anonymous_197)
FNDA:0,(anonymous_198)
FNDA:0,(anonymous_199)
FNDA:0,(anonymous_200)
FNDA:0,(anonymous_201)
FNDA:0,(anonymous_202)
FNDA:0,(anonymous_203)
FNDA:0,(anonymous_204)
FNDA:0,(anonymous_205)
FNDA:0,(anonymous_206)
FNDA:0,(anonymous_207)
FNDA:0,(anonymous_208)
FNDA:0,(anonymous_209)
FNDA:0,(anonymous_210)
FNDA:0,(anonymous_211)
FNDA:0,(anonymous_212)
FNDA:0,(anonymous_213)
FNDA:0,(anonymous_214)
FNDA:0,(anonymous_215)
FNDA:0,(anonymous_216)
FNDA:0,(anonymous_217)
FNDA:0,(anonymous_218)
FNDA:0,(anonymous_219)
FNDA:0,(anonymous_220)
FNDA:0,(anonymous_221)
FNDA:0,(anonymous_222)
FNDA:0,(anonymous_223)
FNDA:0,(anonymous_224)
FNDA:0,(anonymous_225)
FNDA:0,(anonymous_226)
FNDA:0,(anonymous_227)
FNDA:0,(anonymous_228)
FNDA:0,(anonymous_229)
FNDA:0,(anonymous_230)
FNDA:0,(anonymous_231)
FNDA:0,(anonymous_232)
FNDA:0,(anonymous_233)
FNDA:0,(anonymous_234)
FNDA:0,(anonymous_235)
FNDA:0,(anonymous_236)
FNDA:0,(anonymous_237)
FNDA:0,(anonymous_238)
FNDA:0,(anonymous_239)
FNDA:0,(anonymous_240)
FNDA:0,(anonymous_241)
FNDA:0,(anonymous_242)
FNDA:0,(anonymous_243)
FNDA:0,(anonymous_244)
FNDA:0,(anonymous_245)
FNDA:0,(anonymous_246)
FNDA:0,(anonymous_247)
FNDA:0,(anonymous_248)
FNDA:0,(anonymous_249)
FNDA:0,(anonymous_250)
FNDA:0,(anonymous_251)
FNDA:0,(anonymous_252)
FNDA:0,(anonymous_253)
FNDA:0,(anonymous_254)
FNDA:0,(anonymous_255)
FNDA:0,(anonymous_256)
FNDA:0,(anonymous_257)
FNDA:0,(anonymous_258)
FNDA:0,(anonymous_259)
FNDA:0,(anonymous_260)
FNDA:0,(anonymous_261)
FNDA:0,(anonymous_262)
FNDA:0,(anonymous_263)
FNDA:0,(anonymous_264)
FNDA:0,(anonymous_265)
FNDA:0,(anonymous_266)
FNDA:0,(anonymous_267)
FNDA:0,(anonymous_268)
FNDA:0,(anonymous_269)
FNDA:0,(anonymous_270)
FNDA:0,(anonymous_271)
FNDA:0,(anonymous_272)
FNDA:0,(anonymous_273)
FNDA:0,(anonymous_274)
FNDA:0,(anonymous_275)
DA:26,0
DA:28,0
DA:31,0
DA:33,0
DA:35,0
DA:46,0
DA:54,0
DA:62,0
DA:63,0
DA:67,0
DA:68,0
DA:69,0
DA:70,0
DA:71,0
DA:72,0
DA:73,0
DA:74,0
DA:75,0
DA:76,0
DA:77,0
DA:78,0
DA:79,0
DA:80,0
DA:81,0
DA:82,0
DA:83,0
DA:84,0
DA:85,0
DA:86,0
DA:87,0
DA:88,0
DA:89,0
DA:90,0
DA:92,0
DA:100,0
DA:101,0
DA:102,0
DA:103,0
DA:105,0
DA:106,0
DA:107,0
DA:108,0
DA:109,0
DA:111,0
DA:112,0
DA:113,0
DA:120,0
DA:121,0
DA:122,0
DA:123,0
DA:124,0
DA:125,0
DA:126,0
DA:127,0
DA:128,0
DA:129,0
DA:130,0
DA:131,0
DA:133,0
DA:134,0
DA:135,0
DA:136,0
DA:137,0
DA:139,0
DA:142,0
DA:143,0
DA:144,0
DA:148,0
DA:149,0
DA:150,0
DA:151,0
DA:155,0
DA:156,0
DA:158,0
DA:159,0
DA:160,0
DA:165,0
DA:166,0
DA:167,0
DA:168,0
DA:169,0
DA:174,0
DA:175,0
DA:178,0
DA:183,0
DA:184,0
DA:185,0
DA:186,0
DA:188,0
DA:192,0
DA:193,0
DA:194,0
DA:198,0
DA:199,0
DA:202,0
DA:203,0
DA:206,0
DA:207,0
DA:208,0
DA:211,0
DA:212,0
DA:213,0
DA:214,0
DA:215,0
DA:217,0
DA:219,0
DA:223,0
DA:224,0
DA:228,0
DA:229,0
DA:230,0
DA:232,0
DA:240,0
DA:244,0
DA:247,0
DA:248,0
DA:255,0
DA:256,0
DA:263,0
DA:264,0
DA:265,0
DA:266,0
DA:267,0
DA:270,0
DA:273,0
DA:274,0
DA:275,0
DA:276,0
DA:277,0
DA:281,0
DA:285,0
DA:301,0
DA:324,0
DA:325,0
DA:326,0
DA:328,0
DA:329,0
DA:330,0
DA:333,0
DA:334,0
DA:335,0
DA:337,0
DA:338,0
DA:339,0
DA:340,0
DA:354,0
DA:369,0
DA:374,0
DA:383,0
DA:384,0
DA:385,0
DA:386,0
DA:387,0
DA:389,0
DA:416,0
DA:427,0
DA:434,0
DA:435,0
DA:440,0
DA:443,0
DA:444,0
DA:451,0
DA:460,0
DA:469,0
DA:480,0
DA:482,0
DA:483,0
DA:494,0
DA:501,0
DA:523,0
DA:546,0
DA:549,0
DA:557,0
DA:598,0
DA:611,0
DA:612,0
DA:613,0
DA:614,0
DA:615,0
DA:616,0
DA:634,0
DA:648,0
DA:656,0
DA:681,0
DA:686,0
DA:688,0
DA:689,0
DA:690,0
DA:691,0
DA:692,0
DA:693,0
DA:696,0
DA:697,0
DA:698,0
DA:699,0
DA:700,0
DA:703,0
DA:704,0
DA:705,0
DA:706,0
DA:707,0
DA:714,0
DA:715,0
DA:716,0
DA:717,0
DA:718,0
DA:719,0
DA:721,0
DA:722,0
DA:723,0
DA:724,0
DA:725,0
DA:726,0
DA:728,0
DA:729,0
DA:730,0
DA:735,0
DA:736,0
DA:737,0
DA:738,0
DA:741,0
DA:744,0
DA:745,0
DA:746,0
DA:747,0
DA:748,0
DA:749,0
DA:750,0
DA:751,0
DA:752,0
DA:753,0
DA:755,0
DA:758,0
DA:759,0
DA:760,0
DA:764,0
DA:765,0
DA:770,0
DA:771,0
DA:772,0
DA:773,0
DA:774,0
DA:776,0
DA:779,0
DA:780,0
DA:781,0
DA:783,0
DA:784,0
DA:785,0
DA:786,0
DA:787,0
DA:788,0
DA:789,0
DA:791,0
DA:792,0
DA:793,0
DA:798,0
DA:799,0
DA:800,0
DA:802,0
DA:803,0
DA:804,0
DA:805,0
DA:806,0
DA:807,0
DA:808,0
DA:809,0
DA:810,0
DA:811,0
DA:813,0
DA:814,0
DA:815,0
DA:820,0
DA:821,0
DA:822,0
DA:823,0
DA:824,0
DA:825,0
DA:826,0
DA:827,0
DA:832,0
DA:834,0
DA:835,0
DA:836,0
DA:840,0
DA:841,0
DA:842,0
DA:846,0
DA:847,0
DA:848,0
DA:849,0
DA:856,0
DA:857,0
DA:858,0
DA:859,0
DA:860,0
DA:861,0
DA:862,0
DA:866,0
DA:867,0
DA:868,0
DA:869,0
DA:870,0
DA:872,0
DA:876,0
DA:877,0
DA:878,0
DA:879,0
DA:880,0
DA:882,0
DA:885,0
DA:886,0
DA:887,0
DA:888,0
DA:889,0
DA:890,0
DA:892,0
DA:897,0
DA:903,0
DA:912,0
DA:913,0
DA:914,0
DA:915,0
DA:919,0
DA:925,0
DA:926,0
DA:929,0
DA:936,0
DA:937,0
DA:960,0
DA:961,0
DA:962,0
DA:963,0
DA:964,0
DA:968,0
DA:974,0
DA:975,0
DA:978,0
DA:985,0
DA:986,0
DA:1023,0
DA:1027,0
DA:1033,0
DA:1035,0
DA:1036,0
DA:1042,0
DA:1044,0
DA:1058,0
DA:1067,0
DA:1115,0
DA:1121,0
DA:1122,0
DA:1123,0
DA:1133,0
DA:1134,0
DA:1135,0
DA:1136,0
DA:1138,0
DA:1158,0
DA:1159,0
DA:1170,0
DA:1191,0
DA:1219,0
DA:1263,0
DA:1264,0
DA:1267,0
DA:1298,0
DA:1299,0
DA:1300,0
DA:1301,0
DA:1302,0
DA:1303,0
DA:1304,0
DA:1317,0
DA:1318,0
DA:1319,0
DA:1338,0
DA:1342,0
DA:1343,0
DA:1345,0
DA:1346,0
DA:1347,0
DA:1348,0
DA:1350,0
DA:1354,0
DA:1355,0
DA:1356,0
DA:1357,0
DA:1358,0
DA:1359,0
DA:1360,0
DA:1361,0
DA:1362,0
DA:1364,0
DA:1366,0
DA:1372,0
DA:1373,0
DA:1374,0
DA:1382,0
DA:1391,0
DA:1392,0
DA:1393,0
DA:1394,0
DA:1396,0
DA:1417,0
DA:1419,0
DA:1421,0
DA:1442,0
DA:1443,0
DA:1444,0
DA:1455,0
DA:1456,0
DA:1457,0
DA:1458,0
DA:1475,0
DA:1483,0
DA:1541,0
DA:1558,0
DA:1567,0
DA:1588,0
DA:1598,0
DA:1599,0
DA:1616,0
DA:1618,0
DA:1624,0
DA:1625,0
DA:1626,0
DA:1635,0
DA:1640,0
DA:1641,0
DA:1646,0
DA:1647,0
DA:1655,0
DA:1693,0
DA:1694,0
DA:1696,0
DA:1709,0
DA:1710,0
DA:1711,0
DA:1712,0
DA:1714,0
DA:1715,0
DA:1716,0
DA:1719,0
DA:1720,0
DA:1721,0
DA:1722,0
DA:1724,0
DA:1725,0
DA:1735,0
DA:1751,0
DA:1752,0
DA:1774,0
DA:1775,0
DA:1776,0
DA:1777,0
DA:1778,0
DA:1788,0
DA:1789,0
DA:1811,0
DA:1812,0
DA:1822,0
DA:1838,0
DA:1839,0
DA:1840,0
DA:1841,0
DA:1847,0
DA:1848,0
DA:1849,0
DA:1879,0
DA:1886,0
DA:1891,0
DA:1892,0
DA:1898,0
DA:1899,0
DA:1900,0
DA:1901,0
DA:1902,0
DA:1903,0
DA:1904,0
DA:1906,0
DA:1914,0
DA:1922,0
DA:1923,0
DA:1949,0
DA:1951,0
DA:1957,0
DA:1958,0
DA:1959,0
DA:1960,0
DA:1963,0
DA:1970,0
DA:1990,0
DA:1995,0
DA:2045,0
DA:2057,0
DA:2058,0
DA:2059,0
DA:2060,0
DA:2061,0
DA:2062,0
DA:2063,0
DA:2064,0
DA:2065,0
DA:2073,0
DA:2074,0
DA:2075,0
DA:2076,0
DA:2077,0
DA:2078,0
DA:2079,0
DA:2080,0
DA:2081,0
DA:2082,0
DA:2083,0
DA:2084,0
DA:2086,0
DA:2087,0
DA:2088,0
DA:2089,0
DA:2090,0
DA:2092,0
DA:2095,0
DA:2130,0
DA:2135,0
DA:2142,0
DA:2155,0
DA:2178,0
DA:2183,0
DA:2203,0
DA:2204,0
DA:2208,0
DA:2209,0
DA:2210,0
DA:2211,0
DA:2212,0
DA:2213,0
DA:2214,0
DA:2216,0
DA:2217,0
DA:2221,0
DA:2222,0
DA:2223,0
DA:2224,0
DA:2225,0
DA:2226,0
DA:2227,0
DA:2228,0
DA:2236,0
DA:2246,0
DA:2256,0
DA:2257,0
LF:552
LH:0
BRDA:31,0,0,0
BRDA:31,0,1,0
BRDA:31,0,2,0
BRDA:63,1,0,0
BRDA:63,1,1,0
BRDA:103,2,0,0
BRDA:103,2,1,0
BRDA:133,3,0,0
BRDA:133,3,1,0
BRDA:134,4,0,0
BRDA:134,4,1,0
BRDA:135,5,0,0
BRDA:135,5,1,0
BRDA:136,6,0,0
BRDA:136,6,1,0
BRDA:137,7,0,0
BRDA:137,7,1,0
BRDA:139,8,0,0
BRDA:139,8,1,0
BRDA:150,9,0,0
BRDA:150,9,1,0
BRDA:150,10,0,0
BRDA:150,10,1,0
BRDA:155,11,0,0
BRDA:155,11,1,0
BRDA:156,12,0,0
BRDA:156,12,1,0
BRDA:156,13,0,0
BRDA:156,13,1,0
BRDA:175,14,0,0
BRDA:175,14,1,0
BRDA:175,15,0,0
BRDA:175,15,1,0
BRDA:175,15,2,0
BRDA:184,16,0,0
BRDA:184,16,1,0
BRDA:193,17,0,0
BRDA:193,17,1,0
BRDA:194,18,0,0
BRDA:194,18,1,0
BRDA:194,19,0,0
BRDA:194,19,1,0
BRDA:199,20,0,0
BRDA:199,20,1,0
BRDA:229,21,0,0
BRDA:229,21,1,0
BRDA:229,21,2,0
BRDA:266,22,0,0
BRDA:266,22,1,0
BRDA:266,23,0,0
BRDA:266,23,1,0
BRDA:303,24,0,0
BRDA:303,24,1,0
BRDA:303,24,2,0
BRDA:323,25,0,0
BRDA:323,25,1,0
BRDA:326,26,0,0
BRDA:326,26,1,0
BRDA:329,27,0,0
BRDA:329,27,1,0
BRDA:330,28,0,0
BRDA:330,28,1,0
BRDA:335,29,0,0
BRDA:335,29,1,0
BRDA:337,30,0,0
BRDA:337,30,1,0
BRDA:347,31,0,0
BRDA:347,31,1,0
BRDA:348,32,0,0
BRDA:348,32,1,0
BRDA:353,33,0,0
BRDA:353,33,1,0
BRDA:354,34,0,0
BRDA:354,34,1,0
BRDA:355,35,0,0
BRDA:355,35,1,0
BRDA:362,36,0,0
BRDA:362,36,1,0
BRDA:371,37,0,0
BRDA:371,37,1,0
BRDA:385,38,0,0
BRDA:385,38,1,0
BRDA:386,39,0,0
BRDA:386,39,1,0
BRDA:388,40,0,0
BRDA:388,40,1,0
BRDA:389,41,0,0
BRDA:389,41,1,0
BRDA:390,42,0,0
BRDA:390,42,1,0
BRDA:395,43,0,0
BRDA:395,43,1,0
BRDA:401,44,0,0
BRDA:401,44,1,0
BRDA:405,45,0,0
BRDA:405,45,1,0
BRDA:405,46,0,0
BRDA:405,46,1,0
BRDA:407,47,0,0
BRDA:407,47,1,0
BRDA:413,48,0,0
BRDA:413,48,1,0
BRDA:415,49,0,0
BRDA:415,49,1,0
BRDA:419,50,0,0
BRDA:419,50,1,0
BRDA:419,51,0,0
BRDA:419,51,1,0
BRDA:424,52,0,0
BRDA:424,52,1,0
BRDA:427,53,0,0
BRDA:427,53,1,0
BRDA:434,54,0,0
BRDA:434,54,1,0
BRDA:439,55,0,0
BRDA:439,55,1,0
BRDA:443,56,0,0
BRDA:443,56,1,0
BRDA:456,57,0,0
BRDA:456,57,1,0
BRDA:467,58,0,0
BRDA:467,58,1,0
BRDA:487,59,0,0
BRDA:487,59,1,0
BRDA:512,60,0,0
BRDA:512,60,1,0
BRDA:512,61,0,0
BRDA:512,61,1,0
BRDA:512,62,0,0
BRDA:512,62,1,0
BRDA:512,63,0,0
BRDA:512,63,1,0
BRDA:516,64,0,0
BRDA:516,64,1,0
BRDA:526,65,0,0
BRDA:526,65,1,0
BRDA:534,66,0,0
BRDA:534,66,1,0
BRDA:534,66,2,0
BRDA:545,67,0,0
BRDA:545,67,1,0
BRDA:545,67,2,0
BRDA:551,68,0,0
BRDA:551,68,1,0
BRDA:566,69,0,0
BRDA:566,69,1,0
BRDA:586,70,0,0
BRDA:586,70,1,0
BRDA:586,70,2,0
BRDA:588,71,0,0
BRDA:588,71,1,0
BRDA:626,72,0,0
BRDA:626,72,1,0
BRDA:626,72,2,0
BRDA:645,73,0,0
BRDA:645,73,1,0
BRDA:650,74,0,0
BRDA:650,74,1,0
BRDA:650,75,0,0
BRDA:650,75,1,0
BRDA:653,76,0,0
BRDA:653,76,1,0
BRDA:653,76,2,0
BRDA:653,76,3,0
BRDA:653,76,4,0
BRDA:662,77,0,0
BRDA:662,77,1,0
BRDA:666,78,0,0
BRDA:666,78,1,0
BRDA:675,79,0,0
BRDA:675,79,1,0
BRDA:680,80,0,0
BRDA:680,80,1,0
BRDA:685,81,0,0
BRDA:685,81,1,0
BRDA:690,82,0,0
BRDA:690,82,1,0
BRDA:691,83,0,0
BRDA:691,83,1,0
BRDA:704,84,0,0
BRDA:704,84,1,0
BRDA:704,85,0,0
BRDA:704,85,1,0
BRDA:706,86,0,0
BRDA:706,86,1,0
BRDA:708,87,0,0
BRDA:708,87,1,0
BRDA:711,88,0,0
BRDA:711,88,1,0
BRDA:728,89,0,0
BRDA:728,89,1,0
BRDA:737,90,0,0
BRDA:737,90,1,0
BRDA:737,91,0,0
BRDA:737,91,1,0
BRDA:745,92,0,0
BRDA:745,92,1,0
BRDA:745,93,0,0
BRDA:745,93,1,0
BRDA:745,93,2,0
BRDA:758,94,0,0
BRDA:758,94,1,0
BRDA:771,95,0,0
BRDA:771,95,1,0
BRDA:774,96,0,0
BRDA:774,96,1,0
BRDA:780,97,0,0
BRDA:780,97,1,0
BRDA:780,98,0,0
BRDA:780,98,1,0
BRDA:791,99,0,0
BRDA:791,99,1,0
BRDA:799,100,0,0
BRDA:799,100,1,0
BRDA:799,101,0,0
BRDA:799,101,1,0
BRDA:799,101,2,0
BRDA:799,101,3,0
BRDA:813,102,0,0
BRDA:813,102,1,0
BRDA:821,103,0,0
BRDA:821,103,1,0
BRDA:821,104,0,0
BRDA:821,104,1,0
BRDA:836,105,0,0
BRDA:836,105,1,0
BRDA:842,106,0,0
BRDA:842,106,1,0
BRDA:848,107,0,0
BRDA:848,107,1,0
BRDA:858,108,0,0
BRDA:858,108,1,0
BRDA:860,109,0,0
BRDA:860,109,1,0
BRDA:861,110,0,0
BRDA:861,110,1,0
BRDA:861,111,0,0
BRDA:861,111,1,0
BRDA:868,112,0,0
BRDA:868,112,1,0
BRDA:870,113,0,0
BRDA:870,113,1,0
BRDA:870,114,0,0
BRDA:870,114,1,0
BRDA:880,115,0,0
BRDA:880,115,1,0
BRDA:890,116,0,0
BRDA:890,116,1,0
BRDA:912,117,0,0
BRDA:912,117,1,0
BRDA:913,118,0,0
BRDA:913,118,1,0
BRDA:919,119,0,0
BRDA:919,119,1,0
BRDA:921,120,0,0
BRDA:921,120,1,0
BRDA:925,121,0,0
BRDA:925,121,1,0
BRDA:933,122,0,0
BRDA:933,122,1,0
BRDA:936,123,0,0
BRDA:936,123,1,0
BRDA:937,124,0,0
BRDA:937,124,1,0
BRDA:937,125,0,0
BRDA:937,125,1,0
BRDA:946,126,0,0
BRDA:946,126,1,0
BRDA:946,127,0,0
BRDA:946,127,1,0
BRDA:947,128,0,0
BRDA:947,128,1,0
BRDA:961,129,0,0
BRDA:961,129,1,0
BRDA:962,130,0,0
BRDA:962,130,1,0
BRDA:968,131,0,0
BRDA:968,131,1,0
BRDA:970,132,0,0
BRDA:970,132,1,0
BRDA:974,133,0,0
BRDA:974,133,1,0
BRDA:982,134,0,0
BRDA:982,134,1,0
BRDA:985,135,0,0
BRDA:985,135,1,0
BRDA:986,136,0,0
BRDA:986,136,1,0
BRDA:986,137,0,0
BRDA:986,137,1,0
BRDA:995,138,0,0
BRDA:995,138,1,0
BRDA:995,139,0,0
BRDA:995,139,1,0
BRDA:996,140,0,0
BRDA:996,140,1,0
BRDA:1008,141,0,0
BRDA:1008,141,1,0
BRDA:1008,141,2,0
BRDA:1019,142,0,0
BRDA:1019,142,1,0
BRDA:1023,143,0,0
BRDA:1023,143,1,0
BRDA:1023,144,0,0
BRDA:1023,144,1,0
BRDA:1023,144,2,0
BRDA:1023,144,3,0
BRDA:1033,145,0,0
BRDA:1033,145,1,0
BRDA:1046,146,0,0
BRDA:1046,146,1,0
BRDA:1055,147,0,0
BRDA:1055,147,1,0
BRDA:1058,148,0,0
BRDA:1058,148,1,0
BRDA:1064,149,0,0
BRDA:1064,149,1,0
BRDA:1067,150,0,0
BRDA:1067,150,1,0
BRDA:1074,151,0,0
BRDA:1074,151,1,0
BRDA:1088,152,0,0
BRDA:1088,152,1,0
BRDA:1089,153,0,0
BRDA:1089,153,1,0
BRDA:1095,154,0,0
BRDA:1095,154,1,0
BRDA:1105,155,0,0
BRDA:1105,155,1,0
BRDA:1105,156,0,0
BRDA:1105,156,1,0
BRDA:1111,157,0,0
BRDA:1111,157,1,0
BRDA:1115,158,0,0
BRDA:1115,158,1,0
BRDA:1115,159,0,0
BRDA:1115,159,1,0
BRDA:1134,160,0,0
BRDA:1134,160,1,0
BRDA:1135,161,0,0
BRDA:1135,161,1,0
BRDA:1142,162,0,0
BRDA:1142,162,1,0
BRDA:1144,163,0,0
BRDA:1144,163,1,0
BRDA:1145,164,0,0
BRDA:1145,164,1,0
BRDA:1146,165,0,0
BRDA:1146,165,1,0
BRDA:1149,166,0,0
BRDA:1149,166,1,0
BRDA:1154,167,0,0
BRDA:1154,167,1,0
BRDA:1159,168,0,0
BRDA:1159,168,1,0
BRDA:1159,169,0,0
BRDA:1159,169,1,0
BRDA:1159,169,2,0
BRDA:1187,170,0,0
BRDA:1187,170,1,0
BRDA:1203,171,0,0
BRDA:1203,171,1,0
BRDA:1208,172,0,0
BRDA:1208,172,1,0
BRDA:1209,173,0,0
BRDA:1209,173,1,0
BRDA:1210,174,0,0
BRDA:1210,174,1,0
BRDA:1214,175,0,0
BRDA:1214,175,1,0
BRDA:1214,175,2,0
BRDA:1214,175,3,0
BRDA:1214,175,4,0
BRDA:1216,176,0,0
BRDA:1216,176,1,0
BRDA:1225,177,0,0
BRDA:1225,177,1,0
BRDA:1243,178,0,0
BRDA:1243,178,1,0
BRDA:1243,178,2,0
BRDA:1250,179,0,0
BRDA:1250,179,1,0
BRDA:1262,180,0,0
BRDA:1262,180,1,0
BRDA:1270,181,0,0
BRDA:1270,181,1,0
BRDA:1274,182,0,0
BRDA:1274,182,1,0
BRDA:1278,183,0,0
BRDA:1278,183,1,0
BRDA:1280,184,0,0
BRDA:1280,184,1,0
BRDA:1282,185,0,0
BRDA:1282,185,1,0
BRDA:1284,186,0,0
BRDA:1284,186,1,0
BRDA:1298,187,0,0
BRDA:1298,187,1,0
BRDA:1298,188,0,0
BRDA:1298,188,1,0
BRDA:1300,189,0,0
BRDA:1300,189,1,0
BRDA:1300,190,0,0
BRDA:1300,190,1,0
BRDA:1302,191,0,0
BRDA:1302,191,1,0
BRDA:1303,192,0,0
BRDA:1303,192,1,0
BRDA:1337,193,0,0
BRDA:1337,193,1,0
BRDA:1337,194,0,0
BRDA:1337,194,1,0
BRDA:1337,194,2,0
BRDA:1346,195,0,0
BRDA:1346,195,1,0
BRDA:1354,196,0,0
BRDA:1354,196,1,0
BRDA:1355,197,0,0
BRDA:1355,197,1,0
BRDA:1356,198,0,0
BRDA:1356,198,1,0
BRDA:1357,199,0,0
BRDA:1357,199,1,0
BRDA:1358,200,0,0
BRDA:1358,200,1,0
BRDA:1358,201,0,0
BRDA:1358,201,1,0
BRDA:1358,201,2,0
BRDA:1364,202,0,0
BRDA:1364,202,1,0
BRDA:1366,203,0,0
BRDA:1366,203,1,0
BRDA:1366,204,0,0
BRDA:1366,204,1,0
BRDA:1371,205,0,0
BRDA:1371,205,1,0
BRDA:1372,206,0,0
BRDA:1372,206,1,0
BRDA:1373,207,0,0
BRDA:1373,207,1,0
BRDA:1387,208,0,0
BRDA:1387,208,1,0
BRDA:1412,209,0,0
BRDA:1412,209,1,0
BRDA:1417,210,0,0
BRDA:1417,210,1,0
BRDA:1428,211,0,0
BRDA:1428,211,1,0
BRDA:1447,212,0,0
BRDA:1447,212,1,0
BRDA:1448,213,0,0
BRDA:1448,213,1,0
BRDA:1455,214,0,0
BRDA:1455,214,1,0
BRDA:1457,215,0,0
BRDA:1457,215,1,0
BRDA:1464,216,0,0
BRDA:1464,216,1,0
BRDA:1466,217,0,0
BRDA:1466,217,1,0
BRDA:1480,218,0,0
BRDA:1480,218,1,0
BRDA:1481,219,0,0
BRDA:1481,219,1,0
BRDA:1493,220,0,0
BRDA:1493,220,1,0
BRDA:1494,221,0,0
BRDA:1494,221,1,0
BRDA:1504,222,0,0
BRDA:1504,222,1,0
BRDA:1528,223,0,0
BRDA:1528,223,1,0
BRDA:1540,224,0,0
BRDA:1540,224,1,0
BRDA:1563,225,0,0
BRDA:1563,225,1,0
BRDA:1564,226,0,0
BRDA:1564,226,1,0
BRDA:1565,227,0,0
BRDA:1565,227,1,0
BRDA:1593,228,0,0
BRDA:1593,228,1,0
BRDA:1593,229,0,0
BRDA:1593,229,1,0
BRDA:1594,230,0,0
BRDA:1594,230,1,0
BRDA:1594,231,0,0
BRDA:1594,231,1,0
BRDA:1595,232,0,0
BRDA:1595,232,1,0
BRDA:1595,233,0,0
BRDA:1595,233,1,0
BRDA:1616,234,0,0
BRDA:1616,234,1,0
BRDA:1616,235,0,0
BRDA:1616,235,1,0
BRDA:1616,236,0,0
BRDA:1616,236,1,0
BRDA:1625,237,0,0
BRDA:1625,237,1,0
BRDA:1626,238,0,0
BRDA:1626,238,1,0
BRDA:1626,239,0,0
BRDA:1626,239,1,0
BRDA:1647,240,0,0
BRDA:1647,240,1,0
BRDA:1648,241,0,0
BRDA:1648,241,1,0
BRDA:1649,242,0,0
BRDA:1649,242,1,0
BRDA:1650,243,0,0
BRDA:1650,243,1,0
BRDA:1651,244,0,0
BRDA:1651,244,1,0
BRDA:1652,245,0,0
BRDA:1652,245,1,0
BRDA:1658,246,0,0
BRDA:1658,246,1,0
BRDA:1658,246,2,0
BRDA:1663,247,0,0
BRDA:1663,247,1,0
BRDA:1664,248,0,0
BRDA:1664,248,1,0
BRDA:1664,248,2,0
BRDA:1668,249,0,0
BRDA:1668,249,1,0
BRDA:1668,249,2,0
BRDA:1673,250,0,0
BRDA:1673,250,1,0
BRDA:1673,250,2,0
BRDA:1679,251,0,0
BRDA:1679,251,1,0
BRDA:1679,252,0,0
BRDA:1679,252,1,0
BRDA:1687,253,0,0
BRDA:1687,253,1,0
BRDA:1688,254,0,0
BRDA:1688,254,1,0
BRDA:1689,255,0,0
BRDA:1689,255,1,0
BRDA:1691,256,0,0
BRDA:1691,256,1,0
BRDA:1700,257,0,0
BRDA:1700,257,1,0
BRDA:1702,258,0,0
BRDA:1702,258,1,0
BRDA:1703,259,0,0
BRDA:1703,259,1,0
BRDA:1709,260,0,0
BRDA:1709,260,1,0
BRDA:1721,261,0,0
BRDA:1721,261,1,0
BRDA:1738,262,0,0
BRDA:1738,262,1,0
BRDA:1746,263,0,0
BRDA:1746,263,1,0
BRDA:1746,263,2,0
BRDA:1746,263,3,0
BRDA:1757,264,0,0
BRDA:1757,264,1,0
BRDA:1758,265,0,0
BRDA:1758,265,1,0
BRDA:1762,266,0,0
BRDA:1762,266,1,0
BRDA:1763,267,0,0
BRDA:1763,267,1,0
BRDA:1766,268,0,0
BRDA:1766,268,1,0
BRDA:1773,269,0,0
BRDA:1773,269,1,0
BRDA:1773,269,2,0
BRDA:1773,269,3,0
BRDA:1774,270,0,0
BRDA:1774,270,1,0
BRDA:1777,271,0,0
BRDA:1777,271,1,0
BRDA:1781,272,0,0
BRDA:1781,272,1,0
BRDA:1786,273,0,0
BRDA:1786,273,1,0
BRDA:1792,274,0,0
BRDA:1792,274,1,0
BRDA:1796,275,0,0
BRDA:1796,275,1,0
BRDA:1797,276,0,0
BRDA:1797,276,1,0
BRDA:1815,277,0,0
BRDA:1815,277,1,0
BRDA:1818,278,0,0
BRDA:1818,278,1,0
BRDA:1830,279,0,0
BRDA:1830,279,1,0
BRDA:1831,280,0,0
BRDA:1831,280,1,0
BRDA:1832,281,0,0
BRDA:1832,281,1,0
BRDA:1833,282,0,0
BRDA:1833,282,1,0
BRDA:1835,283,0,0
BRDA:1835,283,1,0
BRDA:1837,284,0,0
BRDA:1837,284,1,0
BRDA:1840,285,0,0
BRDA:1840,285,1,0
BRDA:1843,286,0,0
BRDA:1843,286,1,0
BRDA:1847,287,0,0
BRDA:1847,287,1,0
BRDA:1859,288,0,0
BRDA:1859,288,1,0
BRDA:1859,288,2,0
BRDA:1872,289,0,0
BRDA:1872,289,1,0
BRDA:1888,290,0,0
BRDA:1888,290,1,0
BRDA:1894,291,0,0
BRDA:1894,291,1,0
BRDA:1901,292,0,0
BRDA:1901,292,1,0
BRDA:1903,293,0,0
BRDA:1903,293,1,0
BRDA:1925,294,0,0
BRDA:1925,294,1,0
BRDA:1942,295,0,0
BRDA:1942,295,1,0
BRDA:1942,295,2,0
BRDA:1958,296,0,0
BRDA:1958,296,1,0
BRDA:1959,297,0,0
BRDA:1959,297,1,0
BRDA:1960,298,0,0
BRDA:1960,298,1,0
BRDA:1968,299,0,0
BRDA:1968,299,1,0
BRDA:1970,300,0,0
BRDA:1970,300,1,0
BRDA:1972,301,0,0
BRDA:1972,301,1,0
BRDA:1983,302,0,0
BRDA:1983,302,1,0
BRDA:1985,303,0,0
BRDA:1985,303,1,0
BRDA:2007,304,0,0
BRDA:2007,304,1,0
BRDA:2007,304,2,0
BRDA:2027,305,0,0
BRDA:2027,305,1,0
BRDA:2029,306,0,0
BRDA:2029,306,1,0
BRDA:2036,307,0,0
BRDA:2036,307,1,0
BRDA:2058,308,0,0
BRDA:2058,308,1,0
BRDA:2078,309,0,0
BRDA:2078,309,1,0
BRDA:2082,310,0,0
BRDA:2082,310,1,0
BRDA:2082,311,0,0
BRDA:2082,311,1,0
BRDA:2082,311,2,0
BRDA:2086,312,0,0
BRDA:2086,312,1,0
BRDA:2135,313,0,0
BRDA:2135,313,1,0
BRDA:2135,314,0,0
BRDA:2135,314,1,0
BRDA:2135,315,0,0
BRDA:2135,315,1,0
BRDA:2142,316,0,0
BRDA:2142,316,1,0
BRDA:2155,317,0,0
BRDA:2155,317,1,0
BRDA:2155,318,0,0
BRDA:2155,318,1,0
BRDA:2178,319,0,0
BRDA:2178,319,1,0
BRDA:2178,320,0,0
BRDA:2178,320,1,0
BRDA:2178,321,0,0
BRDA:2178,321,1,0
BRDA:2217,322,0,0
BRDA:2217,322,1,0
BRDA:2248,323,0,0
BRDA:2248,323,1,0
BRDA:2249,324,0,0
BRDA:2249,324,1,0
BRDA:2250,325,0,0
BRDA:2250,325,1,0
BRDA:2256,326,0,0
BRDA:2256,326,1,0
BRDA:2259,327,0,0
BRDA:2259,327,1,0
BRDA:2260,328,0,0
BRDA:2260,328,1,0
BRF:694
BRH:0
end_of_record
TN:
SF:src/pages/McpPage.tsx
FN:10,(anonymous_0)
FN:10,(anonymous_1)
FN:11,(anonymous_2)
FN:20,McpPage
FN:48,(anonymous_4)
FN:55,(anonymous_5)
FN:74,(anonymous_6)
FN:75,(anonymous_7)
FN:76,(anonymous_8)
FN:80,(anonymous_9)
FN:87,(anonymous_10)
FN:90,(anonymous_11)
FN:95,(anonymous_12)
FN:100,(anonymous_13)
FN:101,(anonymous_14)
FN:104,(anonymous_15)
FN:110,(anonymous_16)
FN:117,(anonymous_17)
FN:127,(anonymous_18)
FN:141,(anonymous_19)
FN:142,(anonymous_20)
FN:149,(anonymous_21)
FN:161,(anonymous_22)
FN:178,(anonymous_23)
FN:188,(anonymous_24)
FN:189,(anonymous_25)
FN:190,(anonymous_26)
FN:192,(anonymous_27)
FN:202,(anonymous_28)
FN:204,(anonymous_29)
FN:211,(anonymous_30)
FN:212,(anonymous_31)
FN:231,(anonymous_32)
FN:234,(anonymous_33)
FN:247,(anonymous_34)
FN:258,(anonymous_35)
FN:262,(anonymous_36)
FN:273,(anonymous_37)
FN:284,(anonymous_38)
FN:284,(anonymous_39)
FN:287,(anonymous_40)
FN:293,(anonymous_41)
FN:295,(anonymous_42)
FN:297,(anonymous_43)
FN:327,(anonymous_44)
FN:332,(anonymous_45)
FN:353,(anonymous_46)
FN:359,(anonymous_47)
FN:359,(anonymous_48)
FN:369,(anonymous_49)
FN:382,(anonymous_50)
FN:399,(anonymous_51)
FN:404,(anonymous_52)
FN:415,(anonymous_53)
FN:417,(anonymous_54)
FN:422,(anonymous_55)
FN:433,(anonymous_56)
FN:436,(anonymous_57)
FN:444,(anonymous_58)
FN:457,(anonymous_59)
FN:458,(anonymous_60)
FN:459,(anonymous_61)
FN:465,(anonymous_62)
FN:486,(anonymous_63)
FN:491,(anonymous_64)
FN:498,(anonymous_65)
FN:499,(anonymous_66)
FN:516,(anonymous_67)
FN:522,(anonymous_68)
FN:522,(anonymous_69)
FN:528,(anonymous_70)
FN:543,(anonymous_71)
FN:555,(anonymous_72)
FN:561,(anonymous_73)
FN:562,(anonymous_74)
FN:562,(anonymous_75)
FN:571,(anonymous_76)
FN:577,(anonymous_77)
FN:582,(anonymous_78)
FN:588,(anonymous_79)
FN:601,(anonymous_80)
FN:601,(anonymous_81)
FN:609,(anonymous_82)
FN:609,(anonymous_83)
FN:622,(anonymous_84)
FN:650,(anonymous_85)
FN:655,(anonymous_86)
FN:666,(anonymous_87)
FN:675,(anonymous_88)
FN:675,(anonymous_89)
FN:680,(anonymous_90)
FN:709,(anonymous_91)
FN:710,(anonymous_92)
FNF:93
FNH:0
FNDA:0,(anonymous_0)
FNDA:0,(anonymous_1)
FNDA:0,(anonymous_2)
FNDA:0,McpPage
FNDA:0,(anonymous_4)
FNDA:0,(anonymous_5)
FNDA:0,(anonymous_6)
FNDA:0,(anonymous_7)
FNDA:0,(anonymous_8)
FNDA:0,(anonymous_9)
FNDA:0,(anonymous_10)
FNDA:0,(anonymous_11)
FNDA:0,(anonymous_12)
FNDA:0,(anonymous_13)
FNDA:0,(anonymous_14)
FNDA:0,(anonymous_15)
FNDA:0,(anonymous_16)
FNDA:0,(anonymous_17)
FNDA:0,(anonymous_18)
FNDA:0,(anonymous_19)
FNDA:0,(anonymous_20)
FNDA:0,(anonymous_21)
FNDA:0,(anonymous_22)
FNDA:0,(anonymous_23)
FNDA:0,(anonymous_24)
FNDA:0,(anonymous_25)
FNDA:0,(anonymous_26)
FNDA:0,(anonymous_27)
FNDA:0,(anonymous_28)
FNDA:0,(anonymous_29)
FNDA:0,(anonymous_30)
FNDA:0,(anonymous_31)
FNDA:0,(anonymous_32)
FNDA:0,(anonymous_33)
FNDA:0,(anonymous_34)
FNDA:0,(anonymous_35)
FNDA:0,(anonymous_36)
FNDA:0,(anonymous_37)
FNDA:0,(anonymous_38)
FNDA:0,(anonymous_39)
FNDA:0,(anonymous_40)
FNDA:0,(anonymous_41)
FNDA:0,(anonymous_42)
FNDA:0,(anonymous_43)
FNDA:0,(anonymous_44)
FNDA:0,(anonymous_45)
FNDA:0,(anonymous_46)
FNDA:0,(anonymous_47)
FNDA:0,(anonymous_48)
FNDA:0,(anonymous_49)
FNDA:0,(anonymous_50)
FNDA:0,(anonymous_51)
FNDA:0,(anonymous_52)
FNDA:0,(anonymous_53)
FNDA:0,(anonymous_54)
FNDA:0,(anonymous_55)
FNDA:0,(anonymous_56)
FNDA:0,(anonymous_57)
FNDA:0,(anonymous_58)
FNDA:0,(anonymous_59)
FNDA:0,(anonymous_60)
FNDA:0,(anonymous_61)
FNDA:0,(anonymous_62)
FNDA:0,(anonymous_63)
FNDA:0,(anonymous_64)
FNDA:0,(anonymous_65)
FNDA:0,(anonymous_66)
FNDA:0,(anonymous_67)
FNDA:0,(anonymous_68)
FNDA:0,(anonymous_69)
FNDA:0,(anonymous_70)
FNDA:0,(anonymous_71)
FNDA:0,(anonymous_72)
FNDA:0,(anonymous_73)
FNDA:0,(anonymous_74)
FNDA:0,(anonymous_75)
FNDA:0,(anonymous_76)
FNDA:0,(anonymous_77)
FNDA:0,(anonymous_78)
FNDA:0,(anonymous_79)
FNDA:0,(anonymous_80)
FNDA:0,(anonymous_81)
FNDA:0,(anonymous_82)
FNDA:0,(anonymous_83)
FNDA:0,(anonymous_84)
FNDA:0,(anonymous_85)
FNDA:0,(anonymous_86)
FNDA:0,(anonymous_87)
FNDA:0,(anonymous_88)
FNDA:0,(anonymous_89)
FNDA:0,(anonymous_90)
FNDA:0,(anonymous_91)
FNDA:0,(anonymous_92)
DA:10,0
DA:11,0
DA:21,0
DA:22,0
DA:23,0
DA:24,0
DA:25,0
DA:26,0
DA:27,0
DA:28,0
DA:29,0
DA:30,0
DA:32,0
DA:33,0
DA:34,0
DA:35,0
DA:37,0
DA:38,0
DA:40,0
DA:41,0
DA:43,0
DA:44,0
DA:48,0
DA:49,0
DA:50,0
DA:51,0
DA:52,0
DA:55,0
DA:56,0
DA:57,0
DA:65,0
DA:66,0
DA:67,0
DA:68,0
DA:69,0
DA:70,0
DA:71,0
DA:74,0
DA:75,0
DA:76,0
DA:77,0
DA:78,0
DA:79,0
DA:80,0
DA:81,0
DA:82,0
DA:83,0
DA:84,0
DA:85,0
DA:86,0
DA:87,0
DA:90,0
DA:91,0
DA:92,0
DA:95,0
DA:96,0
DA:97,0
DA:100,0
DA:101,0
DA:102,0
DA:103,0
DA:104,0
DA:106,0
DA:107,0
DA:110,0
DA:111,0
DA:112,0
DA:113,0
DA:114,0
DA:115,0
DA:116,0
DA:117,0
DA:118,0
DA:119,0
DA:121,0
DA:123,0
DA:127,0
DA:128,0
DA:129,0
DA:130,0
DA:131,0
DA:132,0
DA:133,0
DA:135,0
DA:137,0
DA:141,0
DA:142,0
DA:143,0
DA:144,0
DA:145,0
DA:149,0
DA:151,0
DA:152,0
DA:153,0
DA:154,0
DA:157,0
DA:161,0
DA:162,0
DA:163,0
DA:164,0
DA:165,0
DA:166,0
DA:168,0
DA:170,0
DA:176,0
DA:177,0
DA:178,0
DA:180,0
DA:181,0
DA:182,0
DA:183,0
DA:184,0
DA:185,0
DA:188,0
DA:189,0
DA:190,0
DA:192,0
DA:195,0
DA:196,0
DA:197,0
DA:198,0
DA:199,0
DA:201,0
DA:202,0
DA:203,0
DA:204,0
DA:206,0
DA:207,0
DA:211,0
DA:212,0
DA:213,0
DA:214,0
DA:215,0
DA:221,0
DA:231,0
DA:234,0
DA:247,0
DA:258,0
DA:263,0
DA:273,0
DA:274,0
DA:275,0
DA:277,0
DA:278,0
DA:279,0
DA:280,0
DA:281,0
DA:282,0
DA:284,0
DA:285,0
DA:288,0
DA:289,0
DA:294,0
DA:295,0
DA:296,0
DA:297,0
DA:298,0
DA:327,0
DA:333,0
DA:334,0
DA:354,0
DA:359,0
DA:369,0
DA:382,0
DA:399,0
DA:404,0
DA:416,0
DA:417,0
DA:418,0
DA:422,0
DA:433,0
DA:436,0
DA:445,0
DA:446,0
DA:457,0
DA:458,0
DA:459,0
DA:465,0
DA:487,0
DA:491,0
DA:499,0
DA:500,0
DA:517,0
DA:522,0
DA:528,0
DA:543,0
DA:555,0
DA:562,0
DA:563,0
DA:564,0
DA:565,0
DA:567,0
DA:568,0
DA:569,0
DA:570,0
DA:572,0
DA:573,0
DA:577,0
DA:583,0
DA:584,0
DA:585,0
DA:588,0
DA:601,0
DA:609,0
DA:622,0
DA:650,0
DA:655,0
DA:666,0
DA:675,0
DA:680,0
DA:698,0
DA:709,0
DA:710,0
LF:213
LH:0
BRDA:49,0,0,0
BRDA:49,0,1,0
BRDA:56,1,0,0
BRDA:56,1,1,0
BRDA:59,2,0,0
BRDA:59,2,1,0
BRDA:59,2,2,0
BRDA:79,3,0,0
BRDA:79,3,1,0
BRDA:79,3,2,0
BRDA:102,4,0,0
BRDA:102,4,1,0
BRDA:103,5,0,0
BRDA:103,5,1,0
BRDA:111,6,0,0
BRDA:111,6,1,0
BRDA:128,7,0,0
BRDA:128,7,1,0
BRDA:144,8,0,0
BRDA:144,8,1,0
BRDA:162,9,0,0
BRDA:162,9,1,0
BRDA:182,10,0,0
BRDA:182,10,1,0
BRDA:183,11,0,0
BRDA:183,11,1,0
BRDA:190,12,0,0
BRDA:190,12,1,0
BRDA:190,12,2,0
BRDA:198,13,0,0
BRDA:198,13,1,0
BRDA:203,14,0,0
BRDA:203,14,1,0
BRDA:203,14,2,0
BRDA:206,15,0,0
BRDA:206,15,1,0
BRDA:214,16,0,0
BRDA:214,16,1,0
BRDA:227,17,0,0
BRDA:227,17,1,0
BRDA:227,18,0,0
BRDA:227,18,1,0
BRDA:227,19,0,0
BRDA:227,19,1,0
BRDA:241,20,0,0
BRDA:241,20,1,0
BRDA:245,21,0,0
BRDA:245,21,1,0
BRDA:245,22,0,0
BRDA:245,22,1,0
BRDA:252,23,0,0
BRDA:252,23,1,0
BRDA:274,24,0,0
BRDA:274,24,1,0
BRDA:281,25,0,0
BRDA:281,25,1,0
BRDA:295,26,0,0
BRDA:295,26,1,0
BRDA:301,27,0,0
BRDA:301,27,1,0
BRDA:305,28,0,0
BRDA:305,28,1,0
BRDA:306,29,0,0
BRDA:306,29,1,0
BRDA:306,30,0,0
BRDA:306,30,1,0
BRDA:328,31,0,0
BRDA:328,31,1,0
BRDA:333,32,0,0
BRDA:333,32,1,0
BRDA:333,32,2,0
BRDA:334,33,0,0
BRDA:334,33,1,0
BRDA:338,34,0,0
BRDA:338,34,1,0
BRDA:346,35,0,0
BRDA:346,35,1,0
BRDA:349,36,0,0
BRDA:349,36,1,0
BRDA:349,36,2,0
BRDA:358,37,0,0
BRDA:358,37,1,0
BRDA:370,38,0,0
BRDA:370,38,1,0
BRDA:392,39,0,0
BRDA:392,39,1,0
BRDA:401,40,0,0
BRDA:401,40,1,0
BRDA:413,41,0,0
BRDA:413,41,1,0
BRDA:416,42,0,0
BRDA:416,42,1,0
BRDA:417,43,0,0
BRDA:417,43,1,0
BRDA:421,44,0,0
BRDA:421,44,1,0
BRDA:424,45,0,0
BRDA:424,45,1,0
BRDA:430,46,0,0
BRDA:430,46,1,0
BRDA:431,47,0,0
BRDA:431,47,1,0
BRDA:431,47,2,0
BRDA:431,48,0,0
BRDA:431,48,1,0
BRDA:433,49,0,0
BRDA:433,49,1,0
BRDA:444,50,0,0
BRDA:444,50,1,0
BRDA:449,51,0,0
BRDA:449,51,1,0
BRDA:453,52,0,0
BRDA:453,52,1,0
BRDA:459,53,0,0
BRDA:459,53,1,0
BRDA:459,54,0,0
BRDA:459,54,1,0
BRDA:472,55,0,0
BRDA:472,55,1,0
BRDA:474,56,0,0
BRDA:474,56,1,0
BRDA:482,57,0,0
BRDA:482,57,1,0
BRDA:486,58,0,0
BRDA:486,58,1,0
BRDA:492,59,0,0
BRDA:492,59,1,0
BRDA:494,60,0,0
BRDA:494,60,1,0
BRDA:498,61,0,0
BRDA:498,61,1,0
BRDA:502,62,0,0
BRDA:502,62,1,0
BRDA:510,63,0,0
BRDA:510,63,1,0
BRDA:513,64,0,0
BRDA:513,64,1,0
BRDA:513,64,2,0
BRDA:521,65,0,0
BRDA:521,65,1,0
BRDA:523,66,0,0
BRDA:523,66,1,0
BRDA:529,67,0,0
BRDA:529,67,1,0
BRDA:531,68,0,0
BRDA:531,68,1,0
BRDA:541,69,0,0
BRDA:541,69,1,0
BRDA:556,70,0,0
BRDA:556,70,1,0
BRDA:563,71,0,0
BRDA:563,71,1,0
BRDA:563,72,0,0
BRDA:563,72,1,0
BRDA:564,73,0,0
BRDA:564,73,1,0
BRDA:564,74,0,0
BRDA:564,74,1,0
BRDA:565,75,0,0
BRDA:565,75,1,0
BRDA:568,76,0,0
BRDA:568,76,1,0
BRDA:572,77,0,0
BRDA:572,77,1,0
BRDA:579,78,0,0
BRDA:579,78,1,0
BRDA:582,79,0,0
BRDA:582,79,1,0
BRDA:589,80,0,0
BRDA:589,80,1,0
BRDA:591,81,0,0
BRDA:591,81,1,0
BRDA:598,82,0,0
BRDA:598,82,1,0
BRDA:606,83,0,0
BRDA:606,83,1,0
BRDA:606,83,2,0
BRDA:635,84,0,0
BRDA:635,84,1,0
BRDA:645,85,0,0
BRDA:645,85,1,0
BRDA:675,86,0,0
BRDA:675,86,1,0
BRDA:686,87,0,0
BRDA:686,87,1,0
BRDA:709,88,0,0
BRDA:709,88,1,0
BRDA:709,89,0,0
BRDA:709,89,1,0
BRDA:709,90,0,0
BRDA:709,90,1,0
BRDA:710,91,0,0
BRDA:710,91,1,0
BRDA:710,92,0,0
BRDA:710,92,1,0
BRDA:710,93,0,0
BRDA:710,93,1,0
BRF:197
BRH:0
end_of_record
TN:
SF:src/pages/SetupWizard.tsx
FN:20,SetupWizard
FN:33,(anonymous_1)
FN:35,(anonymous_2)
FN:39,(anonymous_3)
FN:51,(anonymous_4)
FN:64,(anonymous_5)
FN:72,(anonymous_6)
FN:91,(anonymous_7)
FN:100,(anonymous_8)
FN:104,(anonymous_9)
FN:129,(anonymous_10)
FN:148,(anonymous_11)
FN:169,(anonymous_12)
FN:198,(anonymous_13)
FN:228,(anonymous_14)
FN:229,(anonymous_15)
FN:230,(anonymous_16)
FN:236,(anonymous_17)
FN:255,(anonymous_18)
FN:277,(anonymous_19)
FN:282,(anonymous_20)
FN:302,(anonymous_21)
FN:303,(anonymous_22)
FN:311,(anonymous_23)
FN:314,(anonymous_24)
FN:314,(anonymous_25)
FN:324,(anonymous_26)
FN:362,(anonymous_27)
FN:363,(anonymous_28)
FN:364,(anonymous_29)
FN:381,(anonymous_30)
FNF:31
FNH:0
FNDA:0,SetupWizard
FNDA:0,(anonymous_1)
FNDA:0,(anonymous_2)
FNDA:0,(anonymous_3)
FNDA:0,(anonymous_4)
FNDA:0,(anonymous_5)
FNDA:0,(anonymous_6)
FNDA:0,(anonymous_7)
FNDA:0,(anonymous_8)
FNDA:0,(anonymous_9)
FNDA:0,(anonymous_10)
FNDA:0,(anonymous_11)
FNDA:0,(anonymous_12)
FNDA:0,(anonymous_13)
FNDA:0,(anonymous_14)
FNDA:0,(anonymous_15)
FNDA:0,(anonymous_16)
FNDA:0,(anonymous_17)
FNDA:0,(anonymous_18)
FNDA:0,(anonymous_19)
FNDA:0,(anonymous_20)
FNDA:0,(anonymous_21)
FNDA:0,(anonymous_22)
FNDA:0,(anonymous_23)
FNDA:0,(anonymous_24)
FNDA:0,(anonymous_25)
FNDA:0,(anonymous_26)
FNDA:0,(anonymous_27)
FNDA:0,(anonymous_28)
FNDA:0,(anonymous_29)
FNDA:0,(anonymous_30)
DA:14,0
DA:21,0
DA:22,0
DA:23,0
DA:24,0
DA:25,0
DA:26,0
DA:27,0
DA:28,0
DA:29,0
DA:30,0
DA:31,0
DA:33,0
DA:35,0
DA:36,0
DA:39,0
DA:40,0
DA:41,0
DA:42,0
DA:43,0
DA:45,0
DA:47,0
DA:51,0
DA:52,0
DA:53,0
DA:54,0
DA:55,0
DA:56,0
DA:58,0
DA:60,0
DA:64,0
DA:65,0
DA:67,0
DA:68,0
DA:72,0
DA:73,0
DA:74,0
DA:75,0
DA:76,0
DA:77,0
DA:79,0
DA:80,0
DA:81,0
DA:82,0
DA:85,0
DA:87,0
DA:91,0
DA:92,0
DA:93,0
DA:94,0
DA:95,0
DA:96,0
DA:100,0
DA:101,0
DA:102,0
DA:104,0
DA:105,0
DA:106,0
DA:114,0
DA:117,0
DA:130,0
DA:131,0
DA:132,0
DA:133,0
DA:148,0
DA:170,0
DA:198,0
DA:229,0
DA:230,0
DA:231,0
DA:232,0
DA:236,0
DA:256,0
DA:277,0
DA:282,0
DA:302,0
DA:303,0
DA:312,0
DA:314,0
DA:324,0
DA:354,0
DA:362,0
DA:363,0
DA:364,0
DA:381,0
LF:85
LH:0
BRDA:22,0,0,0
BRDA:22,0,1,0
BRDA:23,1,0,0
BRDA:23,1,1,0
BRDA:33,2,0,0
BRDA:33,2,1,0
BRDA:45,3,0,0
BRDA:45,3,1,0
BRDA:58,4,0,0
BRDA:58,4,1,0
BRDA:67,5,0,0
BRDA:67,5,1,0
BRDA:76,6,0,0
BRDA:76,6,1,0
BRDA:76,7,0,0
BRDA:76,7,1,0
BRDA:81,8,0,0
BRDA:81,8,1,0
BRDA:81,9,0,0
BRDA:81,9,1,0
BRDA:85,10,0,0
BRDA:85,10,1,0
BRDA:92,11,0,0
BRDA:92,11,1,0
BRDA:136,12,0,0
BRDA:136,12,1,0
BRDA:139,13,0,0
BRDA:139,13,1,0
BRDA:145,14,0,0
BRDA:145,14,1,0
BRDA:154,15,0,0
BRDA:154,15,1,0
BRDA:159,16,0,0
BRDA:159,16,1,0
BRDA:163,17,0,0
BRDA:163,17,1,0
BRDA:164,18,0,0
BRDA:164,18,1,0
BRDA:164,19,0,0
BRDA:164,19,1,0
BRDA:171,20,0,0
BRDA:171,20,1,0
BRDA:177,21,0,0
BRDA:177,21,1,0
BRDA:179,22,0,0
BRDA:179,22,1,0
BRDA:180,23,0,0
BRDA:180,23,1,0
BRDA:180,23,2,0
BRDA:184,24,0,0
BRDA:184,24,1,0
BRDA:195,25,0,0
BRDA:195,25,1,0
BRDA:195,25,2,0
BRDA:201,26,0,0
BRDA:201,26,1,0
BRDA:206,27,0,0
BRDA:206,27,1,0
BRDA:206,27,2,0
BRDA:218,28,0,0
BRDA:218,28,1,0
BRDA:218,29,0,0
BRDA:218,29,1,0
BRDA:228,30,0,0
BRDA:228,30,1,0
BRDA:231,31,0,0
BRDA:231,31,1,0
BRDA:237,32,0,0
BRDA:237,32,1,0
BRDA:241,33,0,0
BRDA:241,33,1,0
BRDA:246,34,0,0
BRDA:246,34,1,0
BRDA:249,35,0,0
BRDA:249,35,1,0
BRDA:249,36,0,0
BRDA:249,36,1,0
BRDA:250,37,0,0
BRDA:250,37,1,0
BRDA:250,37,2,0
BRDA:251,38,0,0
BRDA:251,38,1,0
BRDA:256,39,0,0
BRDA:256,39,1,0
BRDA:261,40,0,0
BRDA:261,40,1,0
BRDA:265,41,0,0
BRDA:265,41,1,0
BRDA:267,42,0,0
BRDA:267,42,1,0
BRDA:276,43,0,0
BRDA:276,43,1,0
BRDA:278,44,0,0
BRDA:278,44,1,0
BRDA:278,45,0,0
BRDA:278,45,1,0
BRDA:278,46,0,0
BRDA:278,46,1,0
BRDA:281,47,0,0
BRDA:281,47,1,0
BRDA:295,48,0,0
BRDA:295,48,1,0
BRDA:303,49,0,0
BRDA:303,49,1,0
BRDA:309,50,0,0
BRDA:309,50,1,0
BRDA:323,51,0,0
BRDA:323,51,1,0
BRDA:323,52,0,0
BRDA:323,52,1,0
BRDA:334,53,0,0
BRDA:334,53,1,0
BRDA:339,54,0,0
BRDA:339,54,1,0
BRDA:339,55,0,0
BRDA:339,55,1,0
BRDA:339,56,0,0
BRDA:339,56,1,0
BRDA:362,57,0,0
BRDA:362,57,1,0
BRDA:362,58,0,0
BRDA:362,58,1,0
BRDA:363,59,0,0
BRDA:363,59,1,0
BRDA:363,60,0,0
BRDA:363,60,1,0
BRDA:363,61,0,0
BRDA:363,61,1,0
BRDA:363,62,0,0
BRDA:363,62,1,0
BRDA:364,63,0,0
BRDA:364,63,1,0
BRDA:364,64,0,0
BRDA:364,64,1,0
BRDA:381,65,0,0
BRDA:381,65,1,0
BRDA:381,66,0,0
BRDA:381,66,1,0
BRF:138
BRH:0
end_of_record
TN:
SF:src/pages/WorkflowsPage.tsx
FN:38,WorkflowsPage
FN:40,(anonymous_1)
FN:63,(anonymous_2)
FN:80,(anonymous_3)
FN:100,(anonymous_4)
FN:101,(anonymous_5)
FN:109,(anonymous_6)
FN:110,(anonymous_7)
FN:117,(anonymous_8)
FN:118,(anonymous_9)
FN:124,(anonymous_10)
FN:126,(anonymous_11)
FN:133,(anonymous_12)
FN:142,(anonymous_13)
FN:166,(anonymous_14)
FN:176,(anonymous_15)
FN:177,(anonymous_16)
FN:187,(anonymous_17)
FN:188,(anonymous_18)
FN:207,(anonymous_19)
FN:215,(anonymous_20)
FN:221,(anonymous_21)
FN:258,(anonymous_22)
FN:266,(anonymous_23)
FN:288,(anonymous_24)
FN:289,(anonymous_25)
FN:290,(anonymous_26)
FN:291,(anonymous_27)
FN:296,(anonymous_28)
FN:330,WorkflowDetail
FN:344,(anonymous_30)
FN:388,(anonymous_31)
FN:405,(anonymous_32)
FN:448,(anonymous_33)
FN:449,(anonymous_34)
FN:569,(anonymous_35)
FN:578,(anonymous_36)
FN:579,(anonymous_37)
FN:587,RunDetail
FN:596,(anonymous_39)
FN:623,(anonymous_40)
FN:633,(anonymous_41)
FN:647,(anonymous_42)
FN:720,parseCronExpr
FN:730,WorkflowWizard
FN:741,(anonymous_45)
FN:777,(anonymous_46)
FN:791,(anonymous_47)
FN:809,(anonymous_48)
FN:818,(anonymous_49)
FN:819,(anonymous_50)
FN:822,(anonymous_51)
FN:823,(anonymous_52)
FN:827,(anonymous_53)
FN:833,(anonymous_54)
FN:835,(anonymous_55)
FN:839,(anonymous_56)
FN:841,(anonymous_57)
FN:844,(anonymous_58)
FN:851,(anonymous_59)
FN:858,(anonymous_60)
FN:871,(anonymous_61)
FN:917,(anonymous_62)
FN:937,(anonymous_63)
FN:942,(anonymous_64)
FN:944,(anonymous_65)
FN:956,(anonymous_66)
FN:965,(anonymous_67)
FN:984,(anonymous_68)
FN:989,(anonymous_69)
FN:1004,(anonymous_70)
FN:1027,(anonymous_71)
FN:1031,(anonymous_72)
FN:1035,(anonymous_73)
FN:1037,(anonymous_74)
FN:1055,(anonymous_75)
FN:1073,(anonymous_76)
FN:1088,(anonymous_77)
FN:1121,(anonymous_78)
FN:1136,(anonymous_79)
FN:1142,(anonymous_80)
FN:1144,(anonymous_81)
FN:1149,(anonymous_82)
FN:1158,(anonymous_83)
FN:1168,(anonymous_84)
FN:1180,(anonymous_85)
FN:1198,(anonymous_86)
FN:1209,(anonymous_87)
FN:1225,(anonymous_88)
FN:1242,(anonymous_89)
FN:1255,(anonymous_90)
FN:1270,(anonymous_91)
FN:1281,(anonymous_92)
FN:1298,(anonymous_93)
FN:1304,(anonymous_94)
FN:1311,(anonymous_95)
FN:1325,(anonymous_96)
FN:1329,(anonymous_97)
FN:1336,(anonymous_98)
FN:1342,(anonymous_99)
FN:1373,(anonymous_100)
FN:1377,(anonymous_101)
FN:1389,(anonymous_102)
FN:1399,(anonymous_103)
FN:1413,(anonymous_104)
FN:1433,(anonymous_105)
FN:1439,(anonymous_106)
FN:1452,(anonymous_107)
FN:1461,(anonymous_108)
FN:1497,(anonymous_109)
FN:1503,(anonymous_110)
FN:1512,(anonymous_111)
FN:1512,(anonymous_112)
FN:1529,(anonymous_113)
FN:1548,(anonymous_114)
FNF:115
FNH:0
FNDA:0,WorkflowsPage
FNDA:0,(anonymous_1)
FNDA:0,(anonymous_2)
FNDA:0,(anonymous_3)
FNDA:0,(anonymous_4)
FNDA:0,(anonymous_5)
FNDA:0,(anonymous_6)
FNDA:0,(anonymous_7)
FNDA:0,(anonymous_8)
FNDA:0,(anonymous_9)
FNDA:0,(anonymous_10)
FNDA:0,(anonymous_11)
FNDA:0,(anonymous_12)
FNDA:0,(anonymous_13)
FNDA:0,(anonymous_14)
FNDA:0,(anonymous_15)
FNDA:0,(anonymous_16)
FNDA:0,(anonymous_17)
FNDA:0,(anonymous_18)
FNDA:0,(anonymous_19)
FNDA:0,(anonymous_20)
FNDA:0,(anonymous_21)
FNDA:0,(anonymous_22)
FNDA:0,(anonymous_23)
FNDA:0,(anonymous_24)
FNDA:0,(anonymous_25)
FNDA:0,(anonymous_26)
FNDA:0,(anonymous_27)
FNDA:0,(anonymous_28)
FNDA:0,WorkflowDetail
FNDA:0,(anonymous_30)
FNDA:0,(anonymous_31)
FNDA:0,(anonymous_32)
FNDA:0,(anonymous_33)
FNDA:0,(anonymous_34)
FNDA:0,(anonymous_35)
FNDA:0,(anonymous_36)
FNDA:0,(anonymous_37)
FNDA:0,RunDetail
FNDA:0,(anonymous_39)
FNDA:0,(anonymous_40)
FNDA:0,(anonymous_41)
FNDA:0,(anonymous_42)
FNDA:0,parseCronExpr
FNDA:0,WorkflowWizard
FNDA:0,(anonymous_45)
FNDA:0,(anonymous_46)
FNDA:0,(anonymous_47)
FNDA:0,(anonymous_48)
FNDA:0,(anonymous_49)
FNDA:0,(anonymous_50)
FNDA:0,(anonymous_51)
FNDA:0,(anonymous_52)
FNDA:0,(anonymous_53)
FNDA:0,(anonymous_54)
FNDA:0,(anonymous_55)
FNDA:0,(anonymous_56)
FNDA:0,(anonymous_57)
FNDA:0,(anonymous_58)
FNDA:0,(anonymous_59)
FNDA:0,(anonymous_60)
FNDA:0,(anonymous_61)
FNDA:0,(anonymous_62)
FNDA:0,(anonymous_63)
FNDA:0,(anonymous_64)
FNDA:0,(anonymous_65)
FNDA:0,(anonymous_66)
FNDA:0,(anonymous_67)
FNDA:0,(anonymous_68)
FNDA:0,(anonymous_69)
FNDA:0,(anonymous_70)
FNDA:0,(anonymous_71)
FNDA:0,(anonymous_72)
FNDA:0,(anonymous_73)
FNDA:0,(anonymous_74)
FNDA:0,(anonymous_75)
FNDA:0,(anonymous_76)
FNDA:0,(anonymous_77)
FNDA:0,(anonymous_78)
FNDA:0,(anonymous_79)
FNDA:0,(anonymous_80)
FNDA:0,(anonymous_81)
FNDA:0,(anonymous_82)
FNDA:0,(anonymous_83)
FNDA:0,(anonymous_84)
FNDA:0,(anonymous_85)
FNDA:0,(anonymous_86)
FNDA:0,(anonymous_87)
FNDA:0,(anonymous_88)
FNDA:0,(anonymous_89)
FNDA:0,(anonymous_90)
FNDA:0,(anonymous_91)
FNDA:0,(anonymous_92)
FNDA:0,(anonymous_93)
FNDA:0,(anonymous_94)
FNDA:0,(anonymous_95)
FNDA:0,(anonymous_96)
FNDA:0,(anonymous_97)
FNDA:0,(anonymous_98)
FNDA:0,(anonymous_99)
FNDA:0,(anonymous_100)
FNDA:0,(anonymous_101)
FNDA:0,(anonymous_102)
FNDA:0,(anonymous_103)
FNDA:0,(anonymous_104)
FNDA:0,(anonymous_105)
FNDA:0,(anonymous_106)
FNDA:0,(anonymous_107)
FNDA:0,(anonymous_108)
FNDA:0,(anonymous_109)
FNDA:0,(anonymous_110)
FNDA:0,(anonymous_111)
FNDA:0,(anonymous_112)
FNDA:0,(anonymous_113)
FNDA:0,(anonymous_114)
DA:23,0
DA:29,0
DA:39,0
DA:40,0
DA:41,0
DA:42,0
DA:43,0
DA:44,0
DA:45,0
DA:46,0
DA:47,0
DA:50,0
DA:59,0
DA:61,0
DA:63,0
DA:64,0
DA:65,0
DA:66,0
DA:67,0
DA:71,0
DA:72,0
DA:74,0
DA:76,0
DA:80,0
DA:81,0
DA:84,0
DA:94,0
DA:95,0
DA:97,0
DA:101,0
DA:110,0
DA:118,0
DA:119,0
DA:120,0
DA:121,0
DA:125,0
DA:126,0
DA:127,0
DA:133,0
DA:134,0
DA:135,0
DA:136,0
DA:138,0
DA:142,0
DA:143,0
DA:144,0
DA:145,0
DA:146,0
DA:147,0
DA:149,0
DA:151,0
DA:155,0
DA:166,0
DA:176,0
DA:177,0
DA:187,0
DA:188,0
DA:208,0
DA:215,0
DA:221,0
DA:258,0
DA:266,0
DA:288,0
DA:289,0
DA:290,0
DA:292,0
DA:293,0
DA:294,0
DA:297,0
DA:298,0
DA:299,0
DA:341,0
DA:342,0
DA:344,0
DA:345,0
DA:346,0
DA:347,0
DA:348,0
DA:349,0
DA:353,0
DA:389,0
DA:406,0
DA:449,0
DA:450,0
DA:451,0
DA:453,0
DA:569,0
DA:579,0
DA:588,0
DA:589,0
DA:591,0
DA:596,0
DA:597,0
DA:598,0
DA:601,0
DA:623,0
DA:634,0
DA:635,0
DA:647,0
DA:721,0
DA:722,0
DA:723,0
DA:724,0
DA:725,0
DA:726,0
DA:727,0
DA:737,0
DA:738,0
DA:741,0
DA:742,0
DA:743,0
DA:744,0
DA:745,0
DA:747,0
DA:748,0
DA:749,0
DA:750,0
DA:751,0
DA:752,0
DA:753,0
DA:754,0
DA:755,0
DA:756,0
DA:757,0
DA:758,0
DA:759,0
DA:762,0
DA:767,0
DA:768,0
DA:769,0
DA:770,0
DA:771,0
DA:774,0
DA:777,0
DA:778,0
DA:779,0
DA:780,0
DA:781,0
DA:782,0
DA:783,0
DA:784,0
DA:785,0
DA:786,0
DA:787,0
DA:791,0
DA:792,0
DA:793,0
DA:794,0
DA:795,0
DA:796,0
DA:798,0
DA:801,0
DA:807,0
DA:809,0
DA:810,0
DA:818,0
DA:819,0
DA:822,0
DA:823,0
DA:827,0
DA:828,0
DA:829,0
DA:830,0
DA:833,0
DA:834,0
DA:835,0
DA:836,0
DA:839,0
DA:840,0
DA:841,0
DA:844,0
DA:845,0
DA:846,0
DA:847,0
DA:851,0
DA:854,0
DA:858,0
DA:859,0
DA:860,0
DA:861,0
DA:871,0
DA:872,0
DA:873,0
DA:874,0
DA:875,0
DA:876,0
DA:877,0
DA:879,0
DA:880,0
DA:890,0
DA:900,0
DA:902,0
DA:904,0
DA:906,0
DA:910,0
DA:911,0
DA:913,0
DA:918,0
DA:937,0
DA:942,0
DA:945,0
DA:957,0
DA:965,0
DA:984,0
DA:989,0
DA:1004,0
DA:1027,0
DA:1031,0
DA:1035,0
DA:1037,0
DA:1055,0
DA:1074,0
DA:1089,0
DA:1122,0
DA:1123,0
DA:1127,0
DA:1136,0
DA:1142,0
DA:1145,0
DA:1149,0
DA:1158,0
DA:1169,0
DA:1180,0
DA:1198,0
DA:1209,0
DA:1225,0
DA:1242,0
DA:1255,0
DA:1271,0
DA:1272,0
DA:1282,0
DA:1283,0
DA:1299,0
DA:1304,0
DA:1312,0
DA:1313,0
DA:1314,0
DA:1325,0
DA:1329,0
DA:1336,0
DA:1342,0
DA:1373,0
DA:1377,0
DA:1389,0
DA:1399,0
DA:1413,0
DA:1434,0
DA:1439,0
DA:1452,0
DA:1462,0
DA:1497,0
DA:1503,0
DA:1512,0
DA:1525,0
DA:1529,0
DA:1548,0
LF:256
LH:0
BRDA:61,0,0,0
BRDA:61,0,1,0
BRDA:101,1,0,0
BRDA:101,1,1,0
BRDA:110,2,0,0
BRDA:110,2,1,0
BRDA:118,3,0,0
BRDA:118,3,1,0
BRDA:121,4,0,0
BRDA:121,4,1,0
BRDA:126,5,0,0
BRDA:126,5,1,0
BRDA:145,6,0,0
BRDA:145,6,1,0
BRDA:172,7,0,0
BRDA:172,7,1,0
BRDA:182,8,0,0
BRDA:182,8,1,0
BRDA:187,9,0,0
BRDA:187,9,1,0
BRDA:193,10,0,0
BRDA:193,10,1,0
BRDA:193,10,2,0
BRDA:193,10,3,0
BRDA:203,11,0,0
BRDA:203,11,1,0
BRDA:203,11,2,0
BRDA:203,11,3,0
BRDA:220,12,0,0
BRDA:220,12,1,0
BRDA:222,13,0,0
BRDA:222,13,1,0
BRDA:224,14,0,0
BRDA:224,14,1,0
BRDA:230,15,0,0
BRDA:230,15,1,0
BRDA:231,16,0,0
BRDA:231,16,1,0
BRDA:232,17,0,0
BRDA:232,17,1,0
BRDA:233,18,0,0
BRDA:233,18,1,0
BRDA:235,19,0,0
BRDA:235,19,1,0
BRDA:236,20,0,0
BRDA:236,20,1,0
BRDA:239,21,0,0
BRDA:239,21,1,0
BRDA:241,22,0,0
BRDA:241,22,1,0
BRDA:247,23,0,0
BRDA:247,23,1,0
BRDA:259,24,0,0
BRDA:259,24,1,0
BRDA:261,25,0,0
BRDA:261,25,1,0
BRDA:277,26,0,0
BRDA:277,26,1,0
BRDA:277,26,2,0
BRDA:283,27,0,0
BRDA:283,27,1,0
BRDA:283,27,2,0
BRDA:283,27,3,0
BRDA:287,28,0,0
BRDA:287,28,1,0
BRDA:305,29,0,0
BRDA:305,29,1,0
BRDA:345,30,0,0
BRDA:345,30,1,0
BRDA:345,30,2,0
BRDA:345,30,3,0
BRDA:366,31,0,0
BRDA:366,31,1,0
BRDA:368,32,0,0
BRDA:368,32,1,0
BRDA:379,33,0,0
BRDA:379,33,1,0
BRDA:396,34,0,0
BRDA:396,34,1,0
BRDA:397,35,0,0
BRDA:397,35,1,0
BRDA:401,36,0,0
BRDA:401,36,1,0
BRDA:403,37,0,0
BRDA:403,37,1,0
BRDA:403,37,2,0
BRDA:414,38,0,0
BRDA:414,38,1,0
BRDA:414,38,2,0
BRDA:414,38,3,0
BRDA:425,39,0,0
BRDA:425,39,1,0
BRDA:433,40,0,0
BRDA:433,40,1,0
BRDA:451,41,0,0
BRDA:451,41,1,0
BRDA:457,42,0,0
BRDA:457,42,1,0
BRDA:461,43,0,0
BRDA:461,43,1,0
BRDA:465,44,0,0
BRDA:465,44,1,0
BRDA:467,45,0,0
BRDA:467,45,1,0
BRDA:472,46,0,0
BRDA:472,46,1,0
BRDA:498,47,0,0
BRDA:498,47,1,0
BRDA:499,48,0,0
BRDA:499,48,1,0
BRDA:499,49,0,0
BRDA:499,49,1,0
BRDA:505,50,0,0
BRDA:505,50,1,0
BRDA:505,50,2,0
BRDA:512,51,0,0
BRDA:512,51,1,0
BRDA:521,52,0,0
BRDA:521,52,1,0
BRDA:533,53,0,0
BRDA:533,53,1,0
BRDA:533,53,2,0
BRDA:533,53,3,0
BRDA:536,54,0,0
BRDA:536,54,1,0
BRDA:537,55,0,0
BRDA:537,55,1,0
BRDA:540,56,0,0
BRDA:540,56,1,0
BRDA:546,57,0,0
BRDA:546,57,1,0
BRDA:548,58,0,0
BRDA:548,58,1,0
BRDA:561,59,0,0
BRDA:561,59,1,0
BRDA:570,60,0,0
BRDA:570,60,1,0
BRDA:574,61,0,0
BRDA:574,61,1,0
BRDA:574,61,2,0
BRDA:578,62,0,0
BRDA:578,62,1,0
BRDA:597,63,0,0
BRDA:597,63,1,0
BRDA:598,64,0,0
BRDA:598,64,1,0
BRDA:606,65,0,0
BRDA:606,65,1,0
BRDA:608,66,0,0
BRDA:608,66,1,0
BRDA:613,67,0,0
BRDA:613,67,1,0
BRDA:615,68,0,0
BRDA:615,68,1,0
BRDA:631,69,0,0
BRDA:631,69,1,0
BRDA:638,70,0,0
BRDA:638,70,1,0
BRDA:639,71,0,0
BRDA:639,71,1,0
BRDA:644,72,0,0
BRDA:644,72,1,0
BRDA:647,73,0,0
BRDA:647,73,1,0
BRDA:651,74,0,0
BRDA:651,74,1,0
BRDA:655,75,0,0
BRDA:655,75,1,0
BRDA:657,76,0,0
BRDA:657,76,1,0
BRDA:660,77,0,0
BRDA:660,77,1,0
BRDA:661,78,0,0
BRDA:661,78,1,0
BRDA:662,79,0,0
BRDA:662,79,1,0
BRDA:667,80,0,0
BRDA:667,80,1,0
BRDA:667,80,2,0
BRDA:667,80,3,0
BRDA:671,81,0,0
BRDA:671,81,1,0
BRDA:671,81,2,0
BRDA:681,82,0,0
BRDA:681,82,1,0
BRDA:686,83,0,0
BRDA:686,83,1,0
BRDA:698,84,0,0
BRDA:698,84,1,0
BRDA:701,85,0,0
BRDA:701,85,1,0
BRDA:702,86,0,0
BRDA:702,86,1,0
BRDA:703,87,0,0
BRDA:703,87,1,0
BRDA:704,88,0,0
BRDA:704,88,1,0
BRDA:722,89,0,0
BRDA:722,89,1,0
BRDA:724,90,0,0
BRDA:724,90,1,0
BRDA:724,91,0,0
BRDA:724,91,1,0
BRDA:725,92,0,0
BRDA:725,92,1,0
BRDA:725,93,0,0
BRDA:725,93,1,0
BRDA:726,94,0,0
BRDA:726,94,1,0
BRDA:726,95,0,0
BRDA:726,95,1,0
BRDA:738,96,0,0
BRDA:738,96,1,0
BRDA:738,97,0,0
BRDA:738,97,1,0
BRDA:741,98,0,0
BRDA:741,98,1,0
BRDA:744,99,0,0
BRDA:744,99,1,0
BRDA:745,100,0,0
BRDA:745,100,1,0
BRDA:748,101,0,0
BRDA:748,101,1,0
BRDA:749,102,0,0
BRDA:749,102,1,0
BRDA:750,103,0,0
BRDA:750,103,1,0
BRDA:751,104,0,0
BRDA:751,104,1,0
BRDA:752,105,0,0
BRDA:752,105,1,0
BRDA:753,106,0,0
BRDA:753,106,1,0
BRDA:754,107,0,0
BRDA:754,107,1,0
BRDA:755,108,0,0
BRDA:755,108,1,0
BRDA:756,109,0,0
BRDA:756,109,1,0
BRDA:757,110,0,0
BRDA:757,110,1,0
BRDA:762,111,0,0
BRDA:762,111,1,0
BRDA:768,112,0,0
BRDA:768,112,1,0
BRDA:769,113,0,0
BRDA:769,113,1,0
BRDA:770,114,0,0
BRDA:770,114,1,0
BRDA:771,115,0,0
BRDA:771,115,1,0
BRDA:774,116,0,0
BRDA:774,116,1,0
BRDA:779,117,0,0
BRDA:779,117,1,0
BRDA:780,118,0,0
BRDA:780,118,1,0
BRDA:781,119,0,0
BRDA:781,119,1,0
BRDA:781,119,2,0
BRDA:781,119,3,0
BRDA:781,119,4,0
BRDA:781,119,5,0
BRDA:793,120,0,0
BRDA:793,120,1,0
BRDA:793,121,0,0
BRDA:793,121,1,0
BRDA:795,122,0,0
BRDA:795,122,1,0
BRDA:795,123,0,0
BRDA:795,123,1,0
BRDA:801,124,0,0
BRDA:801,124,1,0
BRDA:819,125,0,0
BRDA:819,125,1,0
BRDA:823,126,0,0
BRDA:823,126,1,0
BRDA:829,127,0,0
BRDA:829,127,1,0
BRDA:835,128,0,0
BRDA:835,128,1,0
BRDA:835,129,0,0
BRDA:835,129,1,0
BRDA:841,130,0,0
BRDA:841,130,1,0
BRDA:845,131,0,0
BRDA:845,131,1,0
BRDA:845,131,2,0
BRDA:859,132,0,0
BRDA:859,132,1,0
BRDA:859,132,2,0
BRDA:859,132,3,0
BRDA:860,133,0,0
BRDA:860,133,1,0
BRDA:863,134,0,0
BRDA:863,134,1,0
BRDA:864,135,0,0
BRDA:864,135,1,0
BRDA:865,136,0,0
BRDA:865,136,1,0
BRDA:866,137,0,0
BRDA:866,137,1,0
BRDA:876,138,0,0
BRDA:876,138,1,0
BRDA:876,139,0,0
BRDA:876,139,1,0
BRDA:876,139,2,0
BRDA:876,139,3,0
BRDA:877,140,0,0
BRDA:877,140,1,0
BRDA:879,141,0,0
BRDA:879,141,1,0
BRDA:879,142,0,0
BRDA:879,142,1,0
BRDA:885,143,0,0
BRDA:885,143,1,0
BRDA:886,144,0,0
BRDA:886,144,1,0
BRDA:887,145,0,0
BRDA:887,145,1,0
BRDA:892,146,0,0
BRDA:892,146,1,0
BRDA:897,147,0,0
BRDA:897,147,1,0
BRDA:921,148,0,0
BRDA:921,148,1,0
BRDA:923,149,0,0
BRDA:923,149,1,0
BRDA:931,150,0,0
BRDA:931,150,1,0
BRDA:941,151,0,0
BRDA:941,151,1,0
BRDA:952,152,0,0
BRDA:952,152,1,0
BRDA:961,153,0,0
BRDA:961,153,1,0
BRDA:962,154,0,0
BRDA:962,154,1,0
BRDA:963,155,0,0
BRDA:963,155,1,0
BRDA:967,156,0,0
BRDA:967,156,1,0
BRDA:968,157,0,0
BRDA:968,157,1,0
BRDA:969,158,0,0
BRDA:969,158,1,0
BRDA:975,159,0,0
BRDA:975,159,1,0
BRDA:984,160,0,0
BRDA:984,160,1,0
BRDA:996,161,0,0
BRDA:996,161,1,0
BRDA:996,161,2,0
BRDA:996,161,3,0
BRDA:1022,162,0,0
BRDA:1022,162,1,0
BRDA:1044,163,0,0
BRDA:1044,163,1,0
BRDA:1051,164,0,0
BRDA:1051,164,1,0
BRDA:1052,165,0,0
BRDA:1052,165,1,0
BRDA:1053,166,0,0
BRDA:1053,166,1,0
BRDA:1059,167,0,0
BRDA:1059,167,1,0
BRDA:1062,168,0,0
BRDA:1062,168,1,0
BRDA:1123,169,0,0
BRDA:1123,169,1,0
BRDA:1123,169,2,0
BRDA:1123,169,3,0
BRDA:1123,169,4,0
BRDA:1123,169,5,0
BRDA:1148,170,0,0
BRDA:1148,170,1,0
BRDA:1159,171,0,0
BRDA:1159,171,1,0
BRDA:1165,172,0,0
BRDA:1165,172,1,0
BRDA:1178,173,0,0
BRDA:1178,173,1,0
BRDA:1180,174,0,0
BRDA:1180,174,1,0
BRDA:1183,175,0,0
BRDA:1183,175,1,0
BRDA:1184,176,0,0
BRDA:1184,176,1,0
BRDA:1187,177,0,0
BRDA:1187,177,1,0
BRDA:1197,178,0,0
BRDA:1197,178,1,0
BRDA:1199,179,0,0
BRDA:1199,179,1,0
BRDA:1208,180,0,0
BRDA:1208,180,1,0
BRDA:1210,181,0,0
BRDA:1210,181,1,0
BRDA:1224,182,0,0
BRDA:1224,182,1,0
BRDA:1226,183,0,0
BRDA:1226,183,1,0
BRDA:1241,184,0,0
BRDA:1241,184,1,0
BRDA:1243,185,0,0
BRDA:1243,185,1,0
BRDA:1254,186,0,0
BRDA:1254,186,1,0
BRDA:1256,187,0,0
BRDA:1256,187,1,0
BRDA:1269,188,0,0
BRDA:1269,188,1,0
BRDA:1271,189,0,0
BRDA:1271,189,1,0
BRDA:1273,190,0,0
BRDA:1273,190,1,0
BRDA:1273,191,0,0
BRDA:1273,191,1,0
BRDA:1280,192,0,0
BRDA:1280,192,1,0
BRDA:1282,193,0,0
BRDA:1282,193,1,0
BRDA:1298,194,0,0
BRDA:1298,194,1,0
BRDA:1302,195,0,0
BRDA:1302,195,1,0
BRDA:1313,196,0,0
BRDA:1313,196,1,0
BRDA:1321,197,0,0
BRDA:1321,197,1,0
BRDA:1324,198,0,0
BRDA:1324,198,1,0
BRDA:1333,199,0,0
BRDA:1333,199,1,0
BRDA:1334,200,0,0
BRDA:1334,200,1,0
BRDA:1362,201,0,0
BRDA:1362,201,1,0
BRDA:1388,202,0,0
BRDA:1388,202,1,0
BRDA:1389,203,0,0
BRDA:1389,203,1,0
BRDA:1398,204,0,0
BRDA:1398,204,1,0
BRDA:1399,205,0,0
BRDA:1399,205,1,0
BRDA:1449,206,0,0
BRDA:1449,206,1,0
BRDA:1452,207,0,0
BRDA:1452,207,1,0
BRDA:1455,208,0,0
BRDA:1455,208,1,0
BRDA:1455,209,0,0
BRDA:1455,209,1,0
BRDA:1457,210,0,0
BRDA:1457,210,1,0
BRDA:1463,211,0,0
BRDA:1463,211,1,0
BRDA:1463,212,0,0
BRDA:1463,212,1,0
BRDA:1464,213,0,0
BRDA:1464,213,1,0
BRDA:1464,213,2,0
BRDA:1464,214,0,0
BRDA:1464,214,1,0
BRDA:1465,215,0,0
BRDA:1465,215,1,0
BRDA:1466,216,0,0
BRDA:1466,216,1,0
BRDA:1467,217,0,0
BRDA:1467,217,1,0
BRDA:1469,218,0,0
BRDA:1469,218,1,0
BRDA:1469,218,2,0
BRDA:1469,218,3,0
BRDA:1469,218,4,0
BRDA:1474,219,0,0
BRDA:1474,219,1,0
BRDA:1475,220,0,0
BRDA:1475,220,1,0
BRDA:1476,221,0,0
BRDA:1476,221,1,0
BRDA:1477,222,0,0
BRDA:1477,222,1,0
BRDA:1479,223,0,0
BRDA:1479,223,1,0
BRDA:1479,223,2,0
BRDA:1479,223,3,0
BRDA:1479,223,4,0
BRDA:1485,224,0,0
BRDA:1485,224,1,0
BRDA:1486,225,0,0
BRDA:1486,225,1,0
BRDA:1487,226,0,0
BRDA:1487,226,1,0
BRDA:1488,227,0,0
BRDA:1488,227,1,0
BRDA:1497,228,0,0
BRDA:1497,228,1,0
BRDA:1498,229,0,0
BRDA:1498,229,1,0
BRDA:1500,230,0,0
BRDA:1500,230,1,0
BRDA:1504,231,0,0
BRDA:1504,231,1,0
BRDA:1512,232,0,0
BRDA:1512,232,1,0
BRDA:1512,232,2,0
BRDA:1512,233,0,0
BRDA:1512,233,1,0
BRDA:1512,234,0,0
BRDA:1512,234,1,0
BRDA:1514,235,0,0
BRDA:1514,235,1,0
BRDA:1515,236,0,0
BRDA:1515,236,1,0
BRDA:1531,237,0,0
BRDA:1531,237,1,0
BRDA:1532,238,0,0
BRDA:1532,238,1,0
BRDA:1551,239,0,0
BRDA:1551,239,1,0
BRDA:1551,240,0,0
BRDA:1551,240,1,0
BRDA:1552,241,0,0
BRDA:1552,241,1,0
BRDA:1552,242,0,0
BRDA:1552,242,1,0
BRDA:1553,243,0,0
BRDA:1553,243,1,0
BRDA:1553,244,0,0
BRDA:1553,244,1,0
BRF:532
BRH:0
end_of_record
